{"meta": {"format": 3, "version": "7.10.7", "timestamp": "2025-10-03T14:40:18.383087", "branch_coverage": false, "show_contexts": false}, "files": {"app/__init__.py": {"executed_lines": [0], "summary": {"covered_lines": 0, "num_statements": 0, "percent_covered": 100.0, "percent_covered_display": "100", "missing_lines": 0, "excluded_lines": 0}, "missing_lines": [], "excluded_lines": [], "functions": {"": {"executed_lines": [], "summary": {"covered_lines": 0, "num_statements": 0, "percent_covered": 100.0, "percent_covered_display": "100", "missing_lines": 0, "excluded_lines": 0}, "missing_lines": [], "excluded_lines": []}}, "classes": {"": {"executed_lines": [], "summary": {"covered_lines": 0, "num_statements": 0, "percent_covered": 100.0, "percent_covered_display": "100", "missing_lines": 0, "excluded_lines": 0}, "missing_lines": [], "excluded_lines": []}}}, "app/api/__init__.py": {"executed_lines": [0], "summary": {"covered_lines": 0, "num_statements": 0, "percent_covered": 100.0, "percent_covered_display": "100", "missing_lines": 0, "excluded_lines": 0}, "missing_lines": [], "excluded_lines": [], "functions": {"": {"executed_lines": [], "summary": {"covered_lines": 0, "num_statements": 0, "percent_covered": 100.0, "percent_covered_display": "100", "missing_lines": 0, "excluded_lines": 0}, "missing_lines": [], "excluded_lines": []}}, "classes": {"": {"executed_lines": [], "summary": {"covered_lines": 0, "num_statements": 0, "percent_covered": 100.0, "percent_covered_display": "100", "missing_lines": 0, "excluded_lines": 0}, "missing_lines": [], "excluded_lines": []}}}, "app/api/dependencies.py": {"executed_lines": [1, 7, 8, 9, 10, 11, 12, 14, 15, 16, 17, 20, 23, 39, 122, 145, 168, 192, 193, 196], "summary": {"covered_lines": 19, "num_statements": 73, "percent_covered": 26.027397260273972, "percent_covered_display": "26", "missing_lines": 54, "excluded_lines": 0}, "missing_lines": [29, 30, 31, 32, 33, 34, 36, 60, 63, 64, 66, 67, 69, 70, 77, 78, 79, 85, 86, 87, 93, 94, 95, 96, 103, 104, 106, 107, 113, 114, 119, 137, 138, 142, 160, 161, 165, 183, 184, 188, 210, 211, 213, 215, 220, 221, 222, 225, 226, 228, 229, 231, 232, 234], "excluded_lines": [], "functions": {"get_db": {"executed_lines": [], "summary": {"covered_lines": 0, "num_statements": 7, "percent_covered": 0.0, "percent_covered_display": "0", "missing_lines": 7, "excluded_lines": 0}, "missing_lines": [29, 30, 31, 32, 33, 34, 36], "excluded_lines": []}, "get_current_user": {"executed_lines": [], "summary": {"covered_lines": 0, "num_statements": 24, "percent_covered": 0.0, "percent_covered_display": "0", "missing_lines": 24, "excluded_lines": 0}, "missing_lines": [60, 63, 64, 66, 67, 69, 70, 77, 78, 79, 85, 86, 87, 93, 94, 95, 96, 103, 104, 106, 107, 113, 114, 119], "excluded_lines": []}, "get_current_active_user": {"executed_lines": [], "summary": {"covered_lines": 0, "num_statements": 3, "percent_covered": 0.0, "percent_covered_display": "0", "missing_lines": 3, "excluded_lines": 0}, "missing_lines": [137, 138, 142], "excluded_lines": []}, "get_current_admin_user": {"executed_lines": [], "summary": {"covered_lines": 0, "num_statements": 3, "percent_covered": 0.0, "percent_covered_display": "0", "missing_lines": 3, "excluded_lines": 0}, "missing_lines": [160, 161, 165], "excluded_lines": []}, "get_current_engineer_user": {"executed_lines": [], "summary": {"covered_lines": 0, "num_statements": 3, "percent_covered": 0.0, "percent_covered_display": "0", "missing_lines": 3, "excluded_lines": 0}, "missing_lines": [183, 184, 188], "excluded_lines": []}, "get_optional_current_user": {"executed_lines": [], "summary": {"covered_lines": 0, "num_statements": 14, "percent_covered": 0.0, "percent_covered_display": "0", "missing_lines": 14, "excluded_lines": 0}, "missing_lines": [210, 211, 213, 215, 220, 221, 222, 225, 226, 228, 229, 231, 232, 234], "excluded_lines": []}, "": {"executed_lines": [1, 7, 8, 9, 10, 11, 12, 14, 15, 16, 17, 20, 23, 39, 122, 145, 168, 192, 193, 196], "summary": {"covered_lines": 19, "num_statements": 19, "percent_covered": 100.0, "percent_covered_display": "100", "missing_lines": 0, "excluded_lines": 0}, "missing_lines": [], "excluded_lines": []}}, "classes": {"": {"executed_lines": [1, 7, 8, 9, 10, 11, 12, 14, 15, 16, 17, 20, 23, 39, 122, 145, 168, 192, 193, 196], "summary": {"covered_lines": 19, "num_statements": 73, "percent_covered": 26.027397260273972, "percent_covered_display": "26", "missing_lines": 54, "excluded_lines": 0}, "missing_lines": [29, 30, 31, 32, 33, 34, 36, 60, 63, 64, 66, 67, 69, 70, 77, 78, 79, 85, 86, 87, 93, 94, 95, 96, 103, 104, 106, 107, 113, 114, 119, 137, 138, 142, 160, 161, 165, 183, 184, 188, 210, 211, 213, 215, 220, 221, 222, 225, 226, 228, 229, 231, 232, 234], "excluded_lines": []}}}, "app/api/deps.py": {"executed_lines": [], "summary": {"covered_lines": 0, "num_statements": 74, "percent_covered": 0.0, "percent_covered_display": "0", "missing_lines": 74, "excluded_lines": 0}, "missing_lines": [7, 8, 10, 11, 12, 14, 15, 16, 17, 18, 21, 24, 41, 43, 44, 45, 48, 49, 50, 52, 53, 54, 55, 58, 59, 61, 62, 64, 65, 67, 69, 70, 75, 76, 83, 98, 99, 103, 106, 116, 119, 120, 124, 126, 129, 139, 142, 143, 147, 149, 153, 154, 155, 158, 172, 173, 175, 176, 177, 178, 181, 184, 191, 193, 209, 210, 213, 215, 225, 228, 229, 233, 235, 239], "excluded_lines": [], "functions": {"get_current_user": {"executed_lines": [], "summary": {"covered_lines": 0, "num_statements": 22, "percent_covered": 0.0, "percent_covered_display": "0", "missing_lines": 22, "excluded_lines": 0}, "missing_lines": [41, 43, 44, 45, 48, 49, 50, 52, 53, 54, 55, 58, 59, 61, 62, 64, 65, 67, 69, 70, 75, 76], "excluded_lines": []}, "get_current_active_user": {"executed_lines": [], "summary": {"covered_lines": 0, "num_statements": 3, "percent_covered": 0.0, "percent_covered_display": "0", "missing_lines": 3, "excluded_lines": 0}, "missing_lines": [98, 99, 103], "excluded_lines": []}, "require_role": {"executed_lines": [], "summary": {"covered_lines": 0, "num_statements": 2, "percent_covered": 0.0, "percent_covered_display": "0", "missing_lines": 2, "excluded_lines": 0}, "missing_lines": [116, 126], "excluded_lines": []}, "require_role.check_role": {"executed_lines": [], "summary": {"covered_lines": 0, "num_statements": 3, "percent_covered": 0.0, "percent_covered_display": "0", "missing_lines": 3, "excluded_lines": 0}, "missing_lines": [119, 120, 124], "excluded_lines": []}, "require_roles": {"executed_lines": [], "summary": {"covered_lines": 0, "num_statements": 2, "percent_covered": 0.0, "percent_covered_display": "0", "missing_lines": 2, "excluded_lines": 0}, "missing_lines": [139, 149], "excluded_lines": []}, "require_roles.check_roles": {"executed_lines": [], "summary": {"covered_lines": 0, "num_statements": 3, "percent_covered": 0.0, "percent_covered_display": "0", "missing_lines": 3, "excluded_lines": 0}, "missing_lines": [142, 143, 147], "excluded_lines": []}, "get_optional_user": {"executed_lines": [], "summary": {"covered_lines": 0, "num_statements": 6, "percent_covered": 0.0, "percent_covered_display": "0", "missing_lines": 6, "excluded_lines": 0}, "missing_lines": [172, 173, 175, 176, 177, 178], "excluded_lines": []}, "OwnershipChecker.__init__": {"executed_lines": [], "summary": {"covered_lines": 0, "num_statements": 1, "percent_covered": 0.0, "percent_covered_display": "0", "missing_lines": 1, "excluded_lines": 0}, "missing_lines": [191], "excluded_lines": []}, "OwnershipChecker.check_ownership": {"executed_lines": [], "summary": {"covered_lines": 0, "num_statements": 3, "percent_covered": 0.0, "percent_covered_display": "0", "missing_lines": 3, "excluded_lines": 0}, "missing_lines": [209, 210, 213], "excluded_lines": []}, "OwnershipChecker.require_ownership": {"executed_lines": [], "summary": {"covered_lines": 0, "num_statements": 2, "percent_covered": 0.0, "percent_covered_display": "0", "missing_lines": 2, "excluded_lines": 0}, "missing_lines": [225, 235], "excluded_lines": []}, "OwnershipChecker.require_ownership.check_ownership": {"executed_lines": [], "summary": {"covered_lines": 0, "num_statements": 3, "percent_covered": 0.0, "percent_covered_display": "0", "missing_lines": 3, "excluded_lines": 0}, "missing_lines": [228, 229, 233], "excluded_lines": []}, "": {"executed_lines": [], "summary": {"covered_lines": 0, "num_statements": 24, "percent_covered": 0.0, "percent_covered_display": "0", "missing_lines": 24, "excluded_lines": 0}, "missing_lines": [7, 8, 10, 11, 12, 14, 15, 16, 17, 18, 21, 24, 83, 106, 129, 153, 154, 155, 158, 181, 184, 193, 215, 239], "excluded_lines": []}}, "classes": {"OwnershipChecker": {"executed_lines": [], "summary": {"covered_lines": 0, "num_statements": 9, "percent_covered": 0.0, "percent_covered_display": "0", "missing_lines": 9, "excluded_lines": 0}, "missing_lines": [191, 209, 210, 213, 225, 228, 229, 233, 235], "excluded_lines": []}, "": {"executed_lines": [], "summary": {"covered_lines": 0, "num_statements": 65, "percent_covered": 0.0, "percent_covered_display": "0", "missing_lines": 65, "excluded_lines": 0}, "missing_lines": [7, 8, 10, 11, 12, 14, 15, 16, 17, 18, 21, 24, 41, 43, 44, 45, 48, 49, 50, 52, 53, 54, 55, 58, 59, 61, 62, 64, 65, 67, 69, 70, 75, 76, 83, 98, 99, 103, 106, 116, 119, 120, 124, 126, 129, 139, 142, 143, 147, 149, 153, 154, 155, 158, 172, 173, 175, 176, 177, 178, 181, 184, 193, 215, 239], "excluded_lines": []}}}, "app/api/v1/__init__.py": {"executed_lines": [0], "summary": {"covered_lines": 0, "num_statements": 0, "percent_covered": 100.0, "percent_covered_display": "100", "missing_lines": 0, "excluded_lines": 0}, "missing_lines": [], "excluded_lines": [], "functions": {"": {"executed_lines": [], "summary": {"covered_lines": 0, "num_statements": 0, "percent_covered": 100.0, "percent_covered_display": "100", "missing_lines": 0, "excluded_lines": 0}, "missing_lines": [], "excluded_lines": []}}, "classes": {"": {"executed_lines": [], "summary": {"covered_lines": 0, "num_statements": 0, "percent_covered": 100.0, "percent_covered_display": "100", "missing_lines": 0, "excluded_lines": 0}, "missing_lines": [], "excluded_lines": []}}}, "app/api/v1/api.py": {"executed_lines": [1, 7, 9, 11, 14, 17, 20, 21, 22, 23, 26, 29, 32], "summary": {"covered_lines": 12, "num_statements": 12, "percent_covered": 100.0, "percent_covered_display": "100", "missing_lines": 0, "excluded_lines": 0}, "missing_lines": [], "excluded_lines": [], "functions": {"": {"executed_lines": [1, 7, 9, 11, 14, 17, 20, 21, 22, 23, 26, 29, 32], "summary": {"covered_lines": 12, "num_statements": 12, "percent_covered": 100.0, "percent_covered_display": "100", "missing_lines": 0, "excluded_lines": 0}, "missing_lines": [], "excluded_lines": []}}, "classes": {"": {"executed_lines": [1, 7, 9, 11, 14, 17, 20, 21, 22, 23, 26, 29, 32], "summary": {"covered_lines": 12, "num_statements": 12, "percent_covered": 100.0, "percent_covered_display": "100", "missing_lines": 0, "excluded_lines": 0}, "missing_lines": [], "excluded_lines": []}}}, "app/api/v1/endpoints/__init__.py": {"executed_lines": [0], "summary": {"covered_lines": 0, "num_statements": 0, "percent_covered": 100.0, "percent_covered_display": "100", "missing_lines": 0, "excluded_lines": 0}, "missing_lines": [], "excluded_lines": [], "functions": {"": {"executed_lines": [], "summary": {"covered_lines": 0, "num_statements": 0, "percent_covered": 100.0, "percent_covered_display": "100", "missing_lines": 0, "excluded_lines": 0}, "missing_lines": [], "excluded_lines": []}}, "classes": {"": {"executed_lines": [], "summary": {"covered_lines": 0, "num_statements": 0, "percent_covered": 100.0, "percent_covered_display": "100", "missing_lines": 0, "excluded_lines": 0}, "missing_lines": [], "excluded_lines": []}}}, "app/api/v1/endpoints/auth.py": {"executed_lines": [1, 7, 8, 9, 11, 12, 13, 15, 16, 17, 18, 29, 31, 32, 35, 36, 79, 80, 91, 92, 99, 100, 110, 111, 122, 123, 133, 134, 143, 144, 153, 154, 172, 173, 182, 183, 207, 208, 220, 221], "summary": {"covered_lines": 39, "num_statements": 79, "percent_covered": 49.36708860759494, "percent_covered_display": "49", "missing_lines": 40, "excluded_lines": 0}, "missing_lines": [47, 50, 52, 54, 55, 58, 59, 64, 67, 76, 82, 88, 96, 106, 107, 118, 119, 129, 130, 139, 140, 149, 150, 163, 164, 178, 179, 190, 191, 196, 197, 198, 199, 204, 212, 226, 229, 235, 241, 250], "excluded_lines": [], "functions": {"login": {"executed_lines": [], "summary": {"covered_lines": 0, "num_statements": 10, "percent_covered": 0.0, "percent_covered_display": "0", "missing_lines": 10, "excluded_lines": 0}, "missing_lines": [47, 50, 52, 54, 55, 58, 59, 64, 67, 76], "excluded_lines": []}, "logout": {"executed_lines": [], "summary": {"covered_lines": 0, "num_statements": 2, "percent_covered": 0.0, "percent_covered_display": "0", "missing_lines": 2, "excluded_lines": 0}, "missing_lines": [82, 88], "excluded_lines": []}, "get_current_user_info": {"executed_lines": [], "summary": {"covered_lines": 0, "num_statements": 1, "percent_covered": 0.0, "percent_covered_display": "0", "missing_lines": 1, "excluded_lines": 0}, "missing_lines": [96], "excluded_lines": []}, "register_user": {"executed_lines": [], "summary": {"covered_lines": 0, "num_statements": 2, "percent_covered": 0.0, "percent_covered_display": "0", "missing_lines": 2, "excluded_lines": 0}, "missing_lines": [106, 107], "excluded_lines": []}, "update_user": {"executed_lines": [], "summary": {"covered_lines": 0, "num_statements": 2, "percent_covered": 0.0, "percent_covered_display": "0", "missing_lines": 2, "excluded_lines": 0}, "missing_lines": [118, 119], "excluded_lines": []}, "change_password": {"executed_lines": [], "summary": {"covered_lines": 0, "num_statements": 2, "percent_covered": 0.0, "percent_covered_display": "0", "missing_lines": 2, "excluded_lines": 0}, "missing_lines": [129, 130], "excluded_lines": []}, "request_password_reset": {"executed_lines": [], "summary": {"covered_lines": 0, "num_statements": 2, "percent_covered": 0.0, "percent_covered_display": "0", "missing_lines": 2, "excluded_lines": 0}, "missing_lines": [139, 140], "excluded_lines": []}, "confirm_password_reset": {"executed_lines": [], "summary": {"covered_lines": 0, "num_statements": 2, "percent_covered": 0.0, "percent_covered_display": "0", "missing_lines": 2, "excluded_lines": 0}, "missing_lines": [149, 150], "excluded_lines": []}, "list_users": {"executed_lines": [], "summary": {"covered_lines": 0, "num_statements": 2, "percent_covered": 0.0, "percent_covered_display": "0", "missing_lines": 2, "excluded_lines": 0}, "missing_lines": [163, 164], "excluded_lines": []}, "get_user_stats": {"executed_lines": [], "summary": {"covered_lines": 0, "num_statements": 2, "percent_covered": 0.0, "percent_covered_display": "0", "missing_lines": 2, "excluded_lines": 0}, "missing_lines": [178, 179], "excluded_lines": []}, "get_user": {"executed_lines": [], "summary": {"covered_lines": 0, "num_statements": 7, "percent_covered": 0.0, "percent_covered_display": "0", "missing_lines": 7, "excluded_lines": 0}, "missing_lines": [190, 191, 196, 197, 198, 199, 204], "excluded_lines": []}, "verify_token": {"executed_lines": [], "summary": {"covered_lines": 0, "num_statements": 1, "percent_covered": 0.0, "percent_covered_display": "0", "missing_lines": 1, "excluded_lines": 0}, "missing_lines": [212], "excluded_lines": []}, "refresh_token": {"executed_lines": [], "summary": {"covered_lines": 0, "num_statements": 5, "percent_covered": 0.0, "percent_covered_display": "0", "missing_lines": 5, "excluded_lines": 0}, "missing_lines": [226, 229, 235, 241, 250], "excluded_lines": []}, "": {"executed_lines": [1, 7, 8, 9, 11, 12, 13, 15, 16, 17, 18, 29, 31, 32, 35, 36, 79, 80, 91, 92, 99, 100, 110, 111, 122, 123, 133, 134, 143, 144, 153, 154, 172, 173, 182, 183, 207, 208, 220, 221], "summary": {"covered_lines": 39, "num_statements": 39, "percent_covered": 100.0, "percent_covered_display": "100", "missing_lines": 0, "excluded_lines": 0}, "missing_lines": [], "excluded_lines": []}}, "classes": {"": {"executed_lines": [1, 7, 8, 9, 11, 12, 13, 15, 16, 17, 18, 29, 31, 32, 35, 36, 79, 80, 91, 92, 99, 100, 110, 111, 122, 123, 133, 134, 143, 144, 153, 154, 172, 173, 182, 183, 207, 208, 220, 221], "summary": {"covered_lines": 39, "num_statements": 79, "percent_covered": 49.36708860759494, "percent_covered_display": "49", "missing_lines": 40, "excluded_lines": 0}, "missing_lines": [47, 50, 52, 54, 55, 58, 59, 64, 67, 76, 82, 88, 96, 106, 107, 118, 119, 129, 130, 139, 140, 149, 150, 163, 164, 178, 179, 190, 191, 196, 197, 198, 199, 204, 212, 226, 229, 235, 241, 250], "excluded_lines": []}}}, "app/api/v1/endpoints/import_data.py": {"executed_lines": [1, 7, 8, 9, 10, 11, 13, 14, 16, 17, 18, 19, 24, 25, 27, 30, 31, 74, 75, 149, 150, 216, 217, 299, 300, 340, 341, 376, 377, 414, 415, 473, 474, 510, 511, 565, 566], "summary": {"covered_lines": 36, "num_statements": 202, "percent_covered": 17.821782178217823, "percent_covered_display": "18", "missing_lines": 166, "excluded_lines": 0}, "missing_lines": [42, 43, 46, 47, 50, 51, 53, 55, 56, 57, 60, 61, 63, 65, 66, 70, 71, 88, 89, 92, 93, 96, 97, 100, 101, 104, 105, 107, 109, 110, 111, 114, 115, 116, 117, 118, 121, 122, 123, 124, 125, 128, 129, 136, 138, 139, 140, 141, 145, 146, 160, 163, 164, 167, 168, 171, 172, 174, 176, 177, 178, 181, 182, 183, 184, 185, 188, 189, 190, 191, 192, 195, 196, 203, 205, 206, 207, 208, 212, 213, 229, 232, 233, 234, 235, 236, 239, 240, 243, 244, 247, 248, 249, 251, 253, 254, 255, 258, 259, 266, 269, 292, 294, 295, 296, 306, 307, 309, 310, 313, 314, 316, 347, 348, 350, 351, 354, 355, 358, 359, 360, 362, 384, 385, 387, 421, 422, 424, 425, 428, 429, 432, 433, 435, 438, 440, 480, 481, 483, 484, 487, 488, 491, 492, 494, 499, 500, 503, 504, 505, 507, 518, 520, 521, 522, 523, 526, 527, 547, 552, 574, 575, 577, 579, 582, 584], "excluded_lines": [], "functions": {"preview_import_file": {"executed_lines": [], "summary": {"covered_lines": 0, "num_statements": 17, "percent_covered": 0.0, "percent_covered_display": "0", "missing_lines": 17, "excluded_lines": 0}, "missing_lines": [42, 43, 46, 47, 50, 51, 53, 55, 56, 57, 60, 61, 63, 65, 66, 70, 71], "excluded_lines": []}, "dry_run_import": {"executed_lines": [], "summary": {"covered_lines": 0, "num_statements": 33, "percent_covered": 0.0, "percent_covered_display": "0", "missing_lines": 33, "excluded_lines": 0}, "missing_lines": [88, 89, 92, 93, 96, 97, 100, 101, 104, 105, 107, 109, 110, 111, 114, 115, 116, 117, 118, 121, 122, 123, 124, 125, 128, 129, 136, 138, 139, 140, 141, 145, 146], "excluded_lines": []}, "dry_run_import_simple": {"executed_lines": [], "summary": {"covered_lines": 0, "num_statements": 30, "percent_covered": 0.0, "percent_covered_display": "0", "missing_lines": 30, "excluded_lines": 0}, "missing_lines": [160, 163, 164, 167, 168, 171, 172, 174, 176, 177, 178, 181, 182, 183, 184, 185, 188, 189, 190, 191, 192, 195, 196, 203, 205, 206, 207, 208, 212, 213], "excluded_lines": []}, "create_import_job": {"executed_lines": [], "summary": {"covered_lines": 0, "num_statements": 25, "percent_covered": 0.0, "percent_covered_display": "0", "missing_lines": 25, "excluded_lines": 0}, "missing_lines": [229, 232, 233, 234, 235, 236, 239, 240, 243, 244, 247, 248, 249, 251, 253, 254, 255, 258, 259, 266, 269, 292, 294, 295, 296], "excluded_lines": []}, "get_import_job": {"executed_lines": [], "summary": {"covered_lines": 0, "num_statements": 7, "percent_covered": 0.0, "percent_covered_display": "0", "missing_lines": 7, "excluded_lines": 0}, "missing_lines": [306, 307, 309, 310, 313, 314, 316], "excluded_lines": []}, "get_import_job_status": {"executed_lines": [], "summary": {"covered_lines": 0, "num_statements": 10, "percent_covered": 0.0, "percent_covered_display": "0", "missing_lines": 10, "excluded_lines": 0}, "missing_lines": [347, 348, 350, 351, 354, 355, 358, 359, 360, 362], "excluded_lines": []}, "get_user_import_jobs": {"executed_lines": [], "summary": {"covered_lines": 0, "num_statements": 3, "percent_covered": 0.0, "percent_covered_display": "0", "missing_lines": 3, "excluded_lines": 0}, "missing_lines": [384, 385, 387], "excluded_lines": []}, "get_import_job_results": {"executed_lines": [], "summary": {"covered_lines": 0, "num_statements": 11, "percent_covered": 0.0, "percent_covered_display": "0", "missing_lines": 11, "excluded_lines": 0}, "missing_lines": [421, 422, 424, 425, 428, 429, 432, 433, 435, 438, 440], "excluded_lines": []}, "delete_import_job": {"executed_lines": [], "summary": {"covered_lines": 0, "num_statements": 15, "percent_covered": 0.0, "percent_covered_display": "0", "missing_lines": 15, "excluded_lines": 0}, "missing_lines": [480, 481, 483, 484, 487, 488, 491, 492, 494, 499, 500, 503, 504, 505, 507], "excluded_lines": []}, "get_import_template": {"executed_lines": [], "summary": {"covered_lines": 0, "num_statements": 9, "percent_covered": 0.0, "percent_covered_display": "0", "missing_lines": 9, "excluded_lines": 0}, "missing_lines": [518, 520, 521, 522, 523, 526, 527, 547, 552], "excluded_lines": []}, "get_validation_rules": {"executed_lines": [], "summary": {"covered_lines": 0, "num_statements": 6, "percent_covered": 0.0, "percent_covered_display": "0", "missing_lines": 6, "excluded_lines": 0}, "missing_lines": [574, 575, 577, 579, 582, 584], "excluded_lines": []}, "": {"executed_lines": [1, 7, 8, 9, 10, 11, 13, 14, 16, 17, 18, 19, 24, 25, 27, 30, 31, 74, 75, 149, 150, 216, 217, 299, 300, 340, 341, 376, 377, 414, 415, 473, 474, 510, 511, 565, 566], "summary": {"covered_lines": 36, "num_statements": 36, "percent_covered": 100.0, "percent_covered_display": "100", "missing_lines": 0, "excluded_lines": 0}, "missing_lines": [], "excluded_lines": []}}, "classes": {"": {"executed_lines": [1, 7, 8, 9, 10, 11, 13, 14, 16, 17, 18, 19, 24, 25, 27, 30, 31, 74, 75, 149, 150, 216, 217, 299, 300, 340, 341, 376, 377, 414, 415, 473, 474, 510, 511, 565, 566], "summary": {"covered_lines": 36, "num_statements": 202, "percent_covered": 17.821782178217823, "percent_covered_display": "18", "missing_lines": 166, "excluded_lines": 0}, "missing_lines": [42, 43, 46, 47, 50, 51, 53, 55, 56, 57, 60, 61, 63, 65, 66, 70, 71, 88, 89, 92, 93, 96, 97, 100, 101, 104, 105, 107, 109, 110, 111, 114, 115, 116, 117, 118, 121, 122, 123, 124, 125, 128, 129, 136, 138, 139, 140, 141, 145, 146, 160, 163, 164, 167, 168, 171, 172, 174, 176, 177, 178, 181, 182, 183, 184, 185, 188, 189, 190, 191, 192, 195, 196, 203, 205, 206, 207, 208, 212, 213, 229, 232, 233, 234, 235, 236, 239, 240, 243, 244, 247, 248, 249, 251, 253, 254, 255, 258, 259, 266, 269, 292, 294, 295, 296, 306, 307, 309, 310, 313, 314, 316, 347, 348, 350, 351, 354, 355, 358, 359, 360, 362, 384, 385, 387, 421, 422, 424, 425, 428, 429, 432, 433, 435, 438, 440, 480, 481, 483, 484, 487, 488, 491, 492, 494, 499, 500, 503, 504, 505, 507, 518, 520, 521, 522, 523, 526, 527, 547, 552, 574, 575, 577, 579, 582, 584], "excluded_lines": []}}}, "app/api/v1/endpoints/materials.py": {"executed_lines": [1, 7, 8, 9, 11, 12, 13, 16, 18, 21, 22, 70, 71, 140, 141, 179, 180, 226, 227, 249, 250, 289, 290, 328, 329, 374, 375], "summary": {"covered_lines": 26, "num_statements": 76, "percent_covered": 34.21052631578947, "percent_covered_display": "34", "missing_lines": 50, "excluded_lines": 0}, "missing_lines": [32, 33, 35, 36, 37, 39, 64, 65, 66, 67, 92, 94, 107, 110, 111, 112, 137, 147, 148, 150, 151, 153, 191, 192, 194, 195, 197, 198, 200, 237, 238, 240, 241, 243, 244, 246, 257, 258, 260, 296, 297, 299, 340, 341, 345, 346, 348, 384, 385, 387], "excluded_lines": [], "functions": {"create_material": {"executed_lines": [], "summary": {"covered_lines": 0, "num_statements": 10, "percent_covered": 0.0, "percent_covered_display": "0", "missing_lines": 10, "excluded_lines": 0}, "missing_lines": [32, 33, 35, 36, 37, 39, 64, 65, 66, 67], "excluded_lines": []}, "search_materials": {"executed_lines": [], "summary": {"covered_lines": 0, "num_statements": 7, "percent_covered": 0.0, "percent_covered_display": "0", "missing_lines": 7, "excluded_lines": 0}, "missing_lines": [92, 94, 107, 110, 111, 112, 137], "excluded_lines": []}, "get_material": {"executed_lines": [], "summary": {"covered_lines": 0, "num_statements": 5, "percent_covered": 0.0, "percent_covered_display": "0", "missing_lines": 5, "excluded_lines": 0}, "missing_lines": [147, 148, 150, 151, 153], "excluded_lines": []}, "update_material": {"executed_lines": [], "summary": {"covered_lines": 0, "num_statements": 7, "percent_covered": 0.0, "percent_covered_display": "0", "missing_lines": 7, "excluded_lines": 0}, "missing_lines": [191, 192, 194, 195, 197, 198, 200], "excluded_lines": []}, "delete_material": {"executed_lines": [], "summary": {"covered_lines": 0, "num_statements": 7, "percent_covered": 0.0, "percent_covered_display": "0", "missing_lines": 7, "excluded_lines": 0}, "missing_lines": [237, 238, 240, 241, 243, 244, 246], "excluded_lines": []}, "get_materials_by_type": {"executed_lines": [], "summary": {"covered_lines": 0, "num_statements": 3, "percent_covered": 0.0, "percent_covered_display": "0", "missing_lines": 3, "excluded_lines": 0}, "missing_lines": [257, 258, 260], "excluded_lines": []}, "get_popular_materials": {"executed_lines": [], "summary": {"covered_lines": 0, "num_statements": 3, "percent_covered": 0.0, "percent_covered_display": "0", "missing_lines": 3, "excluded_lines": 0}, "missing_lines": [296, 297, 299], "excluded_lines": []}, "approve_material": {"executed_lines": [], "summary": {"covered_lines": 0, "num_statements": 5, "percent_covered": 0.0, "percent_covered_display": "0", "missing_lines": 5, "excluded_lines": 0}, "missing_lines": [340, 341, 345, 346, 348], "excluded_lines": []}, "initialize_standard_materials": {"executed_lines": [], "summary": {"covered_lines": 0, "num_statements": 3, "percent_covered": 0.0, "percent_covered_display": "0", "missing_lines": 3, "excluded_lines": 0}, "missing_lines": [384, 385, 387], "excluded_lines": []}, "": {"executed_lines": [1, 7, 8, 9, 11, 12, 13, 16, 18, 21, 22, 70, 71, 140, 141, 179, 180, 226, 227, 249, 250, 289, 290, 328, 329, 374, 375], "summary": {"covered_lines": 26, "num_statements": 26, "percent_covered": 100.0, "percent_covered_display": "100", "missing_lines": 0, "excluded_lines": 0}, "missing_lines": [], "excluded_lines": []}}, "classes": {"": {"executed_lines": [1, 7, 8, 9, 11, 12, 13, 16, 18, 21, 22, 70, 71, 140, 141, 179, 180, 226, 227, 249, 250, 289, 290, 328, 329, 374, 375], "summary": {"covered_lines": 26, "num_statements": 76, "percent_covered": 34.21052631578947, "percent_covered_display": "34", "missing_lines": 50, "excluded_lines": 0}, "missing_lines": [32, 33, 35, 36, 37, 39, 64, 65, 66, 67, 92, 94, 107, 110, 111, 112, 137, 147, 148, 150, 151, 153, 191, 192, 194, 195, 197, 198, 200, 237, 238, 240, 241, 243, 244, 246, 257, 258, 260, 296, 297, 299, 340, 341, 345, 346, 348, 384, 385, 387], "excluded_lines": []}}}, "app/api/v1/endpoints/optimization.py": {"executed_lines": [1, 7, 8, 9, 10, 11, 12, 13, 15, 16, 17, 18, 25, 26, 28, 32, 33, 93, 94, 127, 128, 149, 150, 180, 181, 205, 206, 242, 243, 282, 283, 317, 318, 339, 340, 365, 366, 394, 395, 425, 426, 467, 468, 500, 501, 554, 555], "summary": {"covered_lines": 46, "num_statements": 230, "percent_covered": 20.0, "percent_covered_display": "20", "missing_lines": 184, "excluded_lines": 0}, "missing_lines": [41, 42, 45, 46, 49, 50, 52, 53, 56, 86, 87, 88, 90, 102, 103, 108, 109, 112, 116, 117, 119, 135, 136, 140, 141, 143, 144, 146, 158, 159, 163, 164, 166, 167, 170, 171, 172, 174, 175, 177, 188, 189, 193, 194, 196, 197, 199, 200, 202, 213, 214, 216, 217, 222, 223, 225, 226, 228, 229, 230, 231, 233, 235, 251, 252, 255, 256, 260, 261, 263, 264, 267, 268, 276, 277, 279, 292, 293, 294, 295, 297, 301, 302, 305, 306, 307, 309, 325, 326, 330, 331, 333, 334, 336, 348, 349, 353, 354, 356, 357, 359, 360, 362, 373, 374, 378, 379, 381, 382, 384, 402, 403, 407, 408, 410, 411, 413, 414, 417, 418, 419, 421, 422, 433, 434, 436, 437, 441, 442, 444, 445, 447, 448, 449, 451, 452, 453, 455, 457, 459, 476, 477, 481, 482, 484, 485, 488, 491, 492, 494, 495, 497, 511, 512, 516, 517, 519, 520, 523, 524, 528, 529, 532, 563, 564, 568, 569, 571, 572, 574, 576, 578, 579, 581, 584, 590, 593, 594, 597, 599, 600, 605, 606, 608], "excluded_lines": [], "functions": {"create_optimization_scenario": {"executed_lines": [], "summary": {"covered_lines": 0, "num_statements": 13, "percent_covered": 0.0, "percent_covered_display": "0", "missing_lines": 13, "excluded_lines": 0}, "missing_lines": [41, 42, 45, 46, 49, 50, 52, 53, 56, 86, 87, 88, 90], "excluded_lines": []}, "list_optimization_scenarios": {"executed_lines": [], "summary": {"covered_lines": 0, "num_statements": 8, "percent_covered": 0.0, "percent_covered_display": "0", "missing_lines": 8, "excluded_lines": 0}, "missing_lines": [102, 103, 108, 109, 112, 116, 117, 119], "excluded_lines": []}, "get_optimization_scenario": {"executed_lines": [], "summary": {"covered_lines": 0, "num_statements": 7, "percent_covered": 0.0, "percent_covered_display": "0", "missing_lines": 7, "excluded_lines": 0}, "missing_lines": [135, 136, 140, 141, 143, 144, 146], "excluded_lines": []}, "update_optimization_scenario": {"executed_lines": [], "summary": {"covered_lines": 0, "num_statements": 12, "percent_covered": 0.0, "percent_covered_display": "0", "missing_lines": 12, "excluded_lines": 0}, "missing_lines": [158, 159, 163, 164, 166, 167, 170, 171, 172, 174, 175, 177], "excluded_lines": []}, "delete_optimization_scenario": {"executed_lines": [], "summary": {"covered_lines": 0, "num_statements": 9, "percent_covered": 0.0, "percent_covered_display": "0", "missing_lines": 9, "excluded_lines": 0}, "missing_lines": [188, 189, 193, 194, 196, 197, 199, 200, 202], "excluded_lines": []}, "bulk_delete_scenarios": {"executed_lines": [], "summary": {"covered_lines": 0, "num_statements": 14, "percent_covered": 0.0, "percent_covered_display": "0", "missing_lines": 14, "excluded_lines": 0}, "missing_lines": [213, 214, 216, 217, 222, 223, 225, 226, 228, 229, 230, 231, 233, 235], "excluded_lines": []}, "create_optimization_job": {"executed_lines": [], "summary": {"covered_lines": 0, "num_statements": 13, "percent_covered": 0.0, "percent_covered_display": "0", "missing_lines": 13, "excluded_lines": 0}, "missing_lines": [251, 252, 255, 256, 260, 261, 263, 264, 267, 268, 276, 277, 279], "excluded_lines": []}, "list_optimization_jobs": {"executed_lines": [], "summary": {"covered_lines": 0, "num_statements": 11, "percent_covered": 0.0, "percent_covered_display": "0", "missing_lines": 11, "excluded_lines": 0}, "missing_lines": [292, 293, 294, 295, 297, 301, 302, 305, 306, 307, 309], "excluded_lines": []}, "get_optimization_job": {"executed_lines": [], "summary": {"covered_lines": 0, "num_statements": 7, "percent_covered": 0.0, "percent_covered_display": "0", "missing_lines": 7, "excluded_lines": 0}, "missing_lines": [325, 326, 330, 331, 333, 334, 336], "excluded_lines": []}, "get_optimization_progress": {"executed_lines": [], "summary": {"covered_lines": 0, "num_statements": 9, "percent_covered": 0.0, "percent_covered_display": "0", "missing_lines": 9, "excluded_lines": 0}, "missing_lines": [348, 349, 353, 354, 356, 357, 359, 360, 362], "excluded_lines": []}, "get_optimization_status": {"executed_lines": [], "summary": {"covered_lines": 0, "num_statements": 7, "percent_covered": 0.0, "percent_covered_display": "0", "missing_lines": 7, "excluded_lines": 0}, "missing_lines": [373, 374, 378, 379, 381, 382, 384], "excluded_lines": []}, "cancel_optimization_job": {"executed_lines": [], "summary": {"covered_lines": 0, "num_statements": 13, "percent_covered": 0.0, "percent_covered_display": "0", "missing_lines": 13, "excluded_lines": 0}, "missing_lines": [402, 403, 407, 408, 410, 411, 413, 414, 417, 418, 419, 421, 422], "excluded_lines": []}, "bulk_delete_jobs": {"executed_lines": [], "summary": {"covered_lines": 0, "num_statements": 17, "percent_covered": 0.0, "percent_covered_display": "0", "missing_lines": 17, "excluded_lines": 0}, "missing_lines": [433, 434, 436, 437, 441, 442, 444, 445, 447, 448, 449, 451, 452, 453, 455, 457, 459], "excluded_lines": []}, "get_optimization_results": {"executed_lines": [], "summary": {"covered_lines": 0, "num_statements": 12, "percent_covered": 0.0, "percent_covered_display": "0", "missing_lines": 12, "excluded_lines": 0}, "missing_lines": [476, 477, 481, 482, 484, 485, 488, 491, 492, 494, 495, 497], "excluded_lines": []}, "get_optimization_iterations": {"executed_lines": [], "summary": {"covered_lines": 0, "num_statements": 11, "percent_covered": 0.0, "percent_covered_display": "0", "missing_lines": 11, "excluded_lines": 0}, "missing_lines": [511, 512, 516, 517, 519, 520, 523, 524, 528, 529, 532], "excluded_lines": []}, "get_optimization_events": {"executed_lines": [], "summary": {"covered_lines": 0, "num_statements": 8, "percent_covered": 0.0, "percent_covered_display": "0", "missing_lines": 8, "excluded_lines": 0}, "missing_lines": [563, 564, 568, 569, 571, 572, 574, 608], "excluded_lines": []}, "get_optimization_events.event_stream": {"executed_lines": [], "summary": {"covered_lines": 0, "num_statements": 13, "percent_covered": 0.0, "percent_covered_display": "0", "missing_lines": 13, "excluded_lines": 0}, "missing_lines": [576, 578, 579, 581, 584, 590, 593, 594, 597, 599, 600, 605, 606], "excluded_lines": []}, "": {"executed_lines": [1, 7, 8, 9, 10, 11, 12, 13, 15, 16, 17, 18, 25, 26, 28, 32, 33, 93, 94, 127, 128, 149, 150, 180, 181, 205, 206, 242, 243, 282, 283, 317, 318, 339, 340, 365, 366, 394, 395, 425, 426, 467, 468, 500, 501, 554, 555], "summary": {"covered_lines": 46, "num_statements": 46, "percent_covered": 100.0, "percent_covered_display": "100", "missing_lines": 0, "excluded_lines": 0}, "missing_lines": [], "excluded_lines": []}}, "classes": {"": {"executed_lines": [1, 7, 8, 9, 10, 11, 12, 13, 15, 16, 17, 18, 25, 26, 28, 32, 33, 93, 94, 127, 128, 149, 150, 180, 181, 205, 206, 242, 243, 282, 283, 317, 318, 339, 340, 365, 366, 394, 395, 425, 426, 467, 468, 500, 501, 554, 555], "summary": {"covered_lines": 46, "num_statements": 230, "percent_covered": 20.0, "percent_covered_display": "20", "missing_lines": 184, "excluded_lines": 0}, "missing_lines": [41, 42, 45, 46, 49, 50, 52, 53, 56, 86, 87, 88, 90, 102, 103, 108, 109, 112, 116, 117, 119, 135, 136, 140, 141, 143, 144, 146, 158, 159, 163, 164, 166, 167, 170, 171, 172, 174, 175, 177, 188, 189, 193, 194, 196, 197, 199, 200, 202, 213, 214, 216, 217, 222, 223, 225, 226, 228, 229, 230, 231, 233, 235, 251, 252, 255, 256, 260, 261, 263, 264, 267, 268, 276, 277, 279, 292, 293, 294, 295, 297, 301, 302, 305, 306, 307, 309, 325, 326, 330, 331, 333, 334, 336, 348, 349, 353, 354, 356, 357, 359, 360, 362, 373, 374, 378, 379, 381, 382, 384, 402, 403, 407, 408, 410, 411, 413, 414, 417, 418, 419, 421, 422, 433, 434, 436, 437, 441, 442, 444, 445, 447, 448, 449, 451, 452, 453, 455, 457, 459, 476, 477, 481, 482, 484, 485, 488, 491, 492, 494, 495, 497, 511, 512, 516, 517, 519, 520, 523, 524, 528, 529, 532, 563, 564, 568, 569, 571, 572, 574, 576, 578, 579, 581, 584, 590, 593, 594, 597, 599, 600, 605, 606, 608], "excluded_lines": []}}}, "app/api/v1/endpoints/regenerators.py": {"executed_lines": [1, 7, 8, 9, 11, 12, 13, 14, 15, 17, 20, 21, 43, 44, 72, 73, 98, 99, 131, 132], "summary": {"covered_lines": 19, "num_statements": 71, "percent_covered": 26.760563380281692, "percent_covered_display": "27", "missing_lines": 52, "excluded_lines": 0}, "missing_lines": [30, 31, 32, 38, 39, 40, 55, 56, 58, 59, 60, 65, 66, 67, 68, 69, 81, 82, 83, 88, 89, 91, 92, 93, 94, 95, 108, 109, 111, 112, 113, 119, 120, 122, 123, 124, 125, 126, 127, 128, 140, 141, 143, 144, 145, 150, 151, 153, 154, 155, 156, 157], "excluded_lines": [], "functions": {"list_regenerators": {"executed_lines": [], "summary": {"covered_lines": 0, "num_statements": 6, "percent_covered": 0.0, "percent_covered_display": "0", "missing_lines": 6, "excluded_lines": 0}, "missing_lines": [30, 31, 32, 38, 39, 40], "excluded_lines": []}, "create_regenerator": {"executed_lines": [], "summary": {"covered_lines": 0, "num_statements": 10, "percent_covered": 0.0, "percent_covered_display": "0", "missing_lines": 10, "excluded_lines": 0}, "missing_lines": [55, 56, 58, 59, 60, 65, 66, 67, 68, 69], "excluded_lines": []}, "get_regenerator": {"executed_lines": [], "summary": {"covered_lines": 0, "num_statements": 10, "percent_covered": 0.0, "percent_covered_display": "0", "missing_lines": 10, "excluded_lines": 0}, "missing_lines": [81, 82, 83, 88, 89, 91, 92, 93, 94, 95], "excluded_lines": []}, "update_regenerator": {"executed_lines": [], "summary": {"covered_lines": 0, "num_statements": 14, "percent_covered": 0.0, "percent_covered_display": "0", "missing_lines": 14, "excluded_lines": 0}, "missing_lines": [108, 109, 111, 112, 113, 119, 120, 122, 123, 124, 125, 126, 127, 128], "excluded_lines": []}, "delete_regenerator": {"executed_lines": [], "summary": {"covered_lines": 0, "num_statements": 12, "percent_covered": 0.0, "percent_covered_display": "0", "missing_lines": 12, "excluded_lines": 0}, "missing_lines": [140, 141, 143, 144, 145, 150, 151, 153, 154, 155, 156, 157], "excluded_lines": []}, "": {"executed_lines": [1, 7, 8, 9, 11, 12, 13, 14, 15, 17, 20, 21, 43, 44, 72, 73, 98, 99, 131, 132], "summary": {"covered_lines": 19, "num_statements": 19, "percent_covered": 100.0, "percent_covered_display": "100", "missing_lines": 0, "excluded_lines": 0}, "missing_lines": [], "excluded_lines": []}}, "classes": {"": {"executed_lines": [1, 7, 8, 9, 11, 12, 13, 14, 15, 17, 20, 21, 43, 44, 72, 73, 98, 99, 131, 132], "summary": {"covered_lines": 19, "num_statements": 71, "percent_covered": 26.760563380281692, "percent_covered_display": "27", "missing_lines": 52, "excluded_lines": 0}, "missing_lines": [30, 31, 32, 38, 39, 40, 55, 56, 58, 59, 60, 65, 66, 67, 68, 69, 81, 82, 83, 88, 89, 91, 92, 93, 94, 95, 108, 109, 111, 112, 113, 119, 120, 122, 123, 124, 125, 126, 127, 128, 140, 141, 143, 144, 145, 150, 151, 153, 154, 155, 156, 157], "excluded_lines": []}}}, "app/api/v1/endpoints/reports.py": {"executed_lines": [1, 7, 8, 9, 10, 11, 12, 13, 15, 16, 17, 18, 24, 25, 27, 31, 32, 44, 45, 66, 67, 104, 105, 125, 126, 155, 156, 179, 180, 204, 205, 232, 233, 282, 283, 346, 347, 375, 376, 421, 422, 446, 447, 477, 478], "summary": {"covered_lines": 44, "num_statements": 181, "percent_covered": 24.30939226519337, "percent_covered_display": "24", "missing_lines": 137, "excluded_lines": 0}, "missing_lines": [38, 39, 40, 53, 54, 55, 57, 58, 61, 63, 77, 79, 80, 81, 82, 84, 88, 89, 92, 93, 94, 96, 112, 116, 117, 119, 120, 122, 134, 138, 139, 141, 142, 145, 146, 147, 149, 150, 152, 163, 167, 168, 170, 171, 173, 174, 176, 188, 192, 193, 195, 196, 198, 199, 201, 212, 216, 217, 219, 220, 222, 223, 225, 242, 246, 247, 249, 250, 252, 253, 256, 257, 267, 268, 269, 272, 273, 278, 291, 295, 296, 298, 299, 301, 303, 305, 306, 308, 311, 317, 320, 321, 324, 326, 327, 332, 333, 335, 354, 355, 356, 358, 368, 369, 370, 372, 386, 389, 396, 397, 398, 399, 401, 405, 406, 409, 410, 411, 413, 429, 436, 437, 439, 440, 442, 454, 455, 456, 458, 470, 471, 472, 474, 484, 489, 490, 492], "excluded_lines": [], "functions": {"get_dashboard_metrics": {"executed_lines": [], "summary": {"covered_lines": 0, "num_statements": 3, "percent_covered": 0.0, "percent_covered_display": "0", "missing_lines": 3, "excluded_lines": 0}, "missing_lines": [38, 39, 40], "excluded_lines": []}, "create_report": {"executed_lines": [], "summary": {"covered_lines": 0, "num_statements": 7, "percent_covered": 0.0, "percent_covered_display": "0", "missing_lines": 7, "excluded_lines": 0}, "missing_lines": [53, 54, 55, 57, 58, 61, 63], "excluded_lines": []}, "list_reports": {"executed_lines": [], "summary": {"covered_lines": 0, "num_statements": 12, "percent_covered": 0.0, "percent_covered_display": "0", "missing_lines": 12, "excluded_lines": 0}, "missing_lines": [77, 79, 80, 81, 82, 84, 88, 89, 92, 93, 94, 96], "excluded_lines": []}, "get_report": {"executed_lines": [], "summary": {"covered_lines": 0, "num_statements": 6, "percent_covered": 0.0, "percent_covered_display": "0", "missing_lines": 6, "excluded_lines": 0}, "missing_lines": [112, 116, 117, 119, 120, 122], "excluded_lines": []}, "update_report": {"executed_lines": [], "summary": {"covered_lines": 0, "num_statements": 11, "percent_covered": 0.0, "percent_covered_display": "0", "missing_lines": 11, "excluded_lines": 0}, "missing_lines": [134, 138, 139, 141, 142, 145, 146, 147, 149, 150, 152], "excluded_lines": []}, "delete_report": {"executed_lines": [], "summary": {"covered_lines": 0, "num_statements": 8, "percent_covered": 0.0, "percent_covered_display": "0", "missing_lines": 8, "excluded_lines": 0}, "missing_lines": [163, 167, 168, 170, 171, 173, 174, 176], "excluded_lines": []}, "get_report_progress": {"executed_lines": [], "summary": {"covered_lines": 0, "num_statements": 8, "percent_covered": 0.0, "percent_covered_display": "0", "missing_lines": 8, "excluded_lines": 0}, "missing_lines": [188, 192, 193, 195, 196, 198, 199, 201], "excluded_lines": []}, "download_report": {"executed_lines": [], "summary": {"covered_lines": 0, "num_statements": 8, "percent_covered": 0.0, "percent_covered_display": "0", "missing_lines": 8, "excluded_lines": 0}, "missing_lines": [212, 216, 217, 219, 220, 222, 223, 225], "excluded_lines": []}, "export_report": {"executed_lines": [], "summary": {"covered_lines": 0, "num_statements": 15, "percent_covered": 0.0, "percent_covered_display": "0", "missing_lines": 15, "excluded_lines": 0}, "missing_lines": [242, 246, 247, 249, 250, 252, 253, 256, 257, 267, 268, 269, 272, 273, 278], "excluded_lines": []}, "get_report_events": {"executed_lines": [], "summary": {"covered_lines": 0, "num_statements": 7, "percent_covered": 0.0, "percent_covered_display": "0", "missing_lines": 7, "excluded_lines": 0}, "missing_lines": [291, 295, 296, 298, 299, 301, 335], "excluded_lines": []}, "get_report_events.event_stream": {"executed_lines": [], "summary": {"covered_lines": 0, "num_statements": 13, "percent_covered": 0.0, "percent_covered_display": "0", "missing_lines": 13, "excluded_lines": 0}, "missing_lines": [303, 305, 306, 308, 311, 317, 320, 321, 324, 326, 327, 332, 333], "excluded_lines": []}, "create_report_template": {"executed_lines": [], "summary": {"covered_lines": 0, "num_statements": 8, "percent_covered": 0.0, "percent_covered_display": "0", "missing_lines": 8, "excluded_lines": 0}, "missing_lines": [354, 355, 356, 358, 368, 369, 370, 372], "excluded_lines": []}, "list_report_templates": {"executed_lines": [], "summary": {"covered_lines": 0, "num_statements": 13, "percent_covered": 0.0, "percent_covered_display": "0", "missing_lines": 13, "excluded_lines": 0}, "missing_lines": [386, 389, 396, 397, 398, 399, 401, 405, 406, 409, 410, 411, 413], "excluded_lines": []}, "get_report_template": {"executed_lines": [], "summary": {"covered_lines": 0, "num_statements": 6, "percent_covered": 0.0, "percent_covered_display": "0", "missing_lines": 6, "excluded_lines": 0}, "missing_lines": [429, 436, 437, 439, 440, 442], "excluded_lines": []}, "create_report_schedule": {"executed_lines": [], "summary": {"covered_lines": 0, "num_statements": 8, "percent_covered": 0.0, "percent_covered_display": "0", "missing_lines": 8, "excluded_lines": 0}, "missing_lines": [454, 455, 456, 458, 470, 471, 472, 474], "excluded_lines": []}, "list_report_schedules": {"executed_lines": [], "summary": {"covered_lines": 0, "num_statements": 4, "percent_covered": 0.0, "percent_covered_display": "0", "missing_lines": 4, "excluded_lines": 0}, "missing_lines": [484, 489, 490, 492], "excluded_lines": []}, "": {"executed_lines": [1, 7, 8, 9, 10, 11, 12, 13, 15, 16, 17, 18, 24, 25, 27, 31, 32, 44, 45, 66, 67, 104, 105, 125, 126, 155, 156, 179, 180, 204, 205, 232, 233, 282, 283, 346, 347, 375, 376, 421, 422, 446, 447, 477, 478], "summary": {"covered_lines": 44, "num_statements": 44, "percent_covered": 100.0, "percent_covered_display": "100", "missing_lines": 0, "excluded_lines": 0}, "missing_lines": [], "excluded_lines": []}}, "classes": {"": {"executed_lines": [1, 7, 8, 9, 10, 11, 12, 13, 15, 16, 17, 18, 24, 25, 27, 31, 32, 44, 45, 66, 67, 104, 105, 125, 126, 155, 156, 179, 180, 204, 205, 232, 233, 282, 283, 346, 347, 375, 376, 421, 422, 446, 447, 477, 478], "summary": {"covered_lines": 44, "num_statements": 181, "percent_covered": 24.30939226519337, "percent_covered_display": "24", "missing_lines": 137, "excluded_lines": 0}, "missing_lines": [38, 39, 40, 53, 54, 55, 57, 58, 61, 63, 77, 79, 80, 81, 82, 84, 88, 89, 92, 93, 94, 96, 112, 116, 117, 119, 120, 122, 134, 138, 139, 141, 142, 145, 146, 147, 149, 150, 152, 163, 167, 168, 170, 171, 173, 174, 176, 188, 192, 193, 195, 196, 198, 199, 201, 212, 216, 217, 219, 220, 222, 223, 225, 242, 246, 247, 249, 250, 252, 253, 256, 257, 267, 268, 269, 272, 273, 278, 291, 295, 296, 298, 299, 301, 303, 305, 306, 308, 311, 317, 320, 321, 324, 326, 327, 332, 333, 335, 354, 355, 356, 358, 368, 369, 370, 372, 386, 389, 396, 397, 398, 399, 401, 405, 406, 409, 410, 411, 413, 429, 436, 437, 439, 440, 442, 454, 455, 456, 458, 470, 471, 472, 474, 484, 489, 490, 492], "excluded_lines": []}}}, "app/api/v1/endpoints/scenarios.py": {"executed_lines": [1, 7, 9, 12, 13, 18, 19], "summary": {"covered_lines": 6, "num_statements": 8, "percent_covered": 75.0, "percent_covered_display": "75", "missing_lines": 2, "excluded_lines": 0}, "missing_lines": [15, 21], "excluded_lines": [], "functions": {"list_scenarios": {"executed_lines": [], "summary": {"covered_lines": 0, "num_statements": 1, "percent_covered": 0.0, "percent_covered_display": "0", "missing_lines": 1, "excluded_lines": 0}, "missing_lines": [15], "excluded_lines": []}, "create_scenario": {"executed_lines": [], "summary": {"covered_lines": 0, "num_statements": 1, "percent_covered": 0.0, "percent_covered_display": "0", "missing_lines": 1, "excluded_lines": 0}, "missing_lines": [21], "excluded_lines": []}, "": {"executed_lines": [1, 7, 9, 12, 13, 18, 19], "summary": {"covered_lines": 6, "num_statements": 6, "percent_covered": 100.0, "percent_covered_display": "100", "missing_lines": 0, "excluded_lines": 0}, "missing_lines": [], "excluded_lines": []}}, "classes": {"": {"executed_lines": [1, 7, 9, 12, 13, 18, 19], "summary": {"covered_lines": 6, "num_statements": 8, "percent_covered": 75.0, "percent_covered_display": "75", "missing_lines": 2, "excluded_lines": 0}, "missing_lines": [15, 21], "excluded_lines": []}}}, "app/api/v1/endpoints/units.py": {"executed_lines": [1, 7, 8, 9, 11, 12, 13, 14, 16, 19, 20, 53, 54, 79, 80, 92, 93, 124, 125, 156, 157, 201, 202], "summary": {"covered_lines": 22, "num_statements": 74, "percent_covered": 29.72972972972973, "percent_covered_display": "30", "missing_lines": 52, "excluded_lines": 0}, "missing_lines": [33, 34, 35, 39, 47, 48, 49, 50, 64, 66, 67, 68, 71, 72, 73, 74, 76, 88, 89, 103, 104, 105, 107, 120, 121, 136, 137, 139, 168, 169, 172, 173, 175, 176, 179, 184, 185, 187, 212, 213, 214, 216, 217, 219, 220, 221, 222, 225, 232, 242, 243, 249], "excluded_lines": [], "functions": {"convert_value": {"executed_lines": [], "summary": {"covered_lines": 0, "num_statements": 8, "percent_covered": 0.0, "percent_covered_display": "0", "missing_lines": 8, "excluded_lines": 0}, "missing_lines": [33, 34, 35, 39, 47, 48, 49, 50], "excluded_lines": []}, "get_supported_units": {"executed_lines": [], "summary": {"covered_lines": 0, "num_statements": 9, "percent_covered": 0.0, "percent_covered_display": "0", "missing_lines": 9, "excluded_lines": 0}, "missing_lines": [64, 66, 67, 68, 71, 72, 73, 74, 76], "excluded_lines": []}, "get_conversion_examples": {"executed_lines": [], "summary": {"covered_lines": 0, "num_statements": 2, "percent_covered": 0.0, "percent_covered_display": "0", "missing_lines": 2, "excluded_lines": 0}, "missing_lines": [88, 89], "excluded_lines": []}, "create_conversion_rule": {"executed_lines": [], "summary": {"covered_lines": 0, "num_statements": 6, "percent_covered": 0.0, "percent_covered_display": "0", "missing_lines": 6, "excluded_lines": 0}, "missing_lines": [103, 104, 105, 107, 120, 121], "excluded_lines": []}, "get_conversion_rules": {"executed_lines": [], "summary": {"covered_lines": 0, "num_statements": 3, "percent_covered": 0.0, "percent_covered_display": "0", "missing_lines": 3, "excluded_lines": 0}, "missing_lines": [136, 137, 139], "excluded_lines": []}, "update_conversion_rule": {"executed_lines": [], "summary": {"covered_lines": 0, "num_statements": 10, "percent_covered": 0.0, "percent_covered_display": "0", "missing_lines": 10, "excluded_lines": 0}, "missing_lines": [168, 169, 172, 173, 175, 176, 179, 184, 185, 187], "excluded_lines": []}, "batch_convert_values": {"executed_lines": [], "summary": {"covered_lines": 0, "num_statements": 14, "percent_covered": 0.0, "percent_covered_display": "0", "missing_lines": 14, "excluded_lines": 0}, "missing_lines": [212, 213, 214, 216, 217, 219, 220, 221, 222, 225, 232, 242, 243, 249], "excluded_lines": []}, "": {"executed_lines": [1, 7, 8, 9, 11, 12, 13, 14, 16, 19, 20, 53, 54, 79, 80, 92, 93, 124, 125, 156, 157, 201, 202], "summary": {"covered_lines": 22, "num_statements": 22, "percent_covered": 100.0, "percent_covered_display": "100", "missing_lines": 0, "excluded_lines": 0}, "missing_lines": [], "excluded_lines": []}}, "classes": {"": {"executed_lines": [1, 7, 8, 9, 11, 12, 13, 14, 16, 19, 20, 53, 54, 79, 80, 92, 93, 124, 125, 156, 157, 201, 202], "summary": {"covered_lines": 22, "num_statements": 74, "percent_covered": 29.72972972972973, "percent_covered_display": "30", "missing_lines": 52, "excluded_lines": 0}, "missing_lines": [33, 34, 35, 39, 47, 48, 49, 50, 64, 66, 67, 68, 71, 72, 73, 74, 76, 88, 89, 103, 104, 105, 107, 120, 121, 136, 137, 139, 168, 169, 172, 173, 175, 176, 179, 184, 185, 187, 212, 213, 214, 216, 217, 219, 220, 221, 222, 225, 232, 242, 243, 249], "excluded_lines": []}}}, "app/api/v1/endpoints/users.py": {"executed_lines": [1, 7, 9, 12, 13, 18, 19], "summary": {"covered_lines": 6, "num_statements": 8, "percent_covered": 75.0, "percent_covered_display": "75", "missing_lines": 2, "excluded_lines": 0}, "missing_lines": [15, 21], "excluded_lines": [], "functions": {"get_current_user": {"executed_lines": [], "summary": {"covered_lines": 0, "num_statements": 1, "percent_covered": 0.0, "percent_covered_display": "0", "missing_lines": 1, "excluded_lines": 0}, "missing_lines": [15], "excluded_lines": []}, "list_users": {"executed_lines": [], "summary": {"covered_lines": 0, "num_statements": 1, "percent_covered": 0.0, "percent_covered_display": "0", "missing_lines": 1, "excluded_lines": 0}, "missing_lines": [21], "excluded_lines": []}, "": {"executed_lines": [1, 7, 9, 12, 13, 18, 19], "summary": {"covered_lines": 6, "num_statements": 6, "percent_covered": 100.0, "percent_covered_display": "100", "missing_lines": 0, "excluded_lines": 0}, "missing_lines": [], "excluded_lines": []}}, "classes": {"": {"executed_lines": [1, 7, 9, 12, 13, 18, 19], "summary": {"covered_lines": 6, "num_statements": 8, "percent_covered": 75.0, "percent_covered_display": "75", "missing_lines": 2, "excluded_lines": 0}, "missing_lines": [15, 21], "excluded_lines": []}}}, "app/celery.py": {"executed_lines": [], "summary": {"covered_lines": 0, "num_statements": 4, "percent_covered": 0.0, "percent_covered_display": "0", "missing_lines": 4, "excluded_lines": 0}, "missing_lines": [7, 9, 13, 26], "excluded_lines": [], "functions": {"": {"executed_lines": [], "summary": {"covered_lines": 0, "num_statements": 4, "percent_covered": 0.0, "percent_covered_display": "0", "missing_lines": 4, "excluded_lines": 0}, "missing_lines": [7, 9, 13, 26], "excluded_lines": []}}, "classes": {"": {"executed_lines": [], "summary": {"covered_lines": 0, "num_statements": 4, "percent_covered": 0.0, "percent_covered_display": "0", "missing_lines": 4, "excluded_lines": 0}, "missing_lines": [7, 9, 13, 26], "excluded_lines": []}}}, "app/core/__init__.py": {"executed_lines": [0], "summary": {"covered_lines": 0, "num_statements": 0, "percent_covered": 100.0, "percent_covered_display": "100", "missing_lines": 0, "excluded_lines": 0}, "missing_lines": [], "excluded_lines": [], "functions": {"": {"executed_lines": [], "summary": {"covered_lines": 0, "num_statements": 0, "percent_covered": 100.0, "percent_covered_display": "100", "missing_lines": 0, "excluded_lines": 0}, "missing_lines": [], "excluded_lines": []}}, "classes": {"": {"executed_lines": [], "summary": {"covered_lines": 0, "num_statements": 0, "percent_covered": 100.0, "percent_covered_display": "100", "missing_lines": 0, "excluded_lines": 0}, "missing_lines": [], "excluded_lines": []}}}, "app/core/config.py": {"executed_lines": [1, 7, 9, 10, 13, 14, 17, 18, 19, 20, 21, 22, 23, 24, 27, 28, 30, 31, 32, 34, 35, 40, 41, 42, 44, 45, 51, 52, 53, 54, 55, 58, 59, 62, 63, 66, 67, 68, 69, 70, 71, 72, 74, 75, 76, 78, 79, 83, 84, 85, 87, 88, 89, 91, 93, 98, 99, 100, 103, 104, 105, 108, 109, 112, 113, 114, 116, 122], "summary": {"covered_lines": 66, "num_statements": 74, "percent_covered": 89.1891891891892, "percent_covered_display": "89", "missing_lines": 8, "excluded_lines": 0}, "missing_lines": [36, 37, 38, 46, 47, 48, 80, 95], "excluded_lines": [], "functions": {"Settings.assemble_cors_origins": {"executed_lines": [34, 35], "summary": {"covered_lines": 2, "num_statements": 5, "percent_covered": 40.0, "percent_covered_display": "40", "missing_lines": 3, "excluded_lines": 0}, "missing_lines": [36, 37, 38], "excluded_lines": []}, "Settings.assemble_allowed_hosts": {"executed_lines": [44, 45], "summary": {"covered_lines": 2, "num_statements": 5, "percent_covered": 40.0, "percent_covered_display": "40", "missing_lines": 3, "excluded_lines": 0}, "missing_lines": [46, 47, 48], "excluded_lines": []}, "Settings.get_project_name": {"executed_lines": [78, 79], "summary": {"covered_lines": 2, "num_statements": 3, "percent_covered": 66.66666666666667, "percent_covered_display": "67", "missing_lines": 1, "excluded_lines": 0}, "missing_lines": [80], "excluded_lines": []}, "Settings.parse_allowed_extensions": {"executed_lines": [91], "summary": {"covered_lines": 1, "num_statements": 1, "percent_covered": 100.0, "percent_covered_display": "100", "missing_lines": 0, "excluded_lines": 0}, "missing_lines": [], "excluded_lines": []}, "Settings.get_allowed_extensions_list": {"executed_lines": [], "summary": {"covered_lines": 0, "num_statements": 1, "percent_covered": 0.0, "percent_covered_display": "0", "missing_lines": 1, "excluded_lines": 0}, "missing_lines": [95], "excluded_lines": []}, "": {"executed_lines": [1, 7, 9, 10, 13, 14, 17, 18, 19, 20, 21, 22, 23, 24, 27, 28, 30, 31, 32, 40, 41, 42, 51, 52, 53, 54, 55, 58, 59, 62, 63, 66, 67, 68, 69, 70, 71, 72, 74, 75, 76, 83, 84, 85, 87, 88, 89, 93, 98, 99, 100, 103, 104, 105, 108, 109, 112, 113, 114, 116, 122], "summary": {"covered_lines": 59, "num_statements": 59, "percent_covered": 100.0, "percent_covered_display": "100", "missing_lines": 0, "excluded_lines": 0}, "missing_lines": [], "excluded_lines": []}}, "classes": {"Settings": {"executed_lines": [34, 35, 44, 45, 78, 79, 91], "summary": {"covered_lines": 7, "num_statements": 15, "percent_covered": 46.666666666666664, "percent_covered_display": "47", "missing_lines": 8, "excluded_lines": 0}, "missing_lines": [36, 37, 38, 46, 47, 48, 80, 95], "excluded_lines": []}, "": {"executed_lines": [1, 7, 9, 10, 13, 14, 17, 18, 19, 20, 21, 22, 23, 24, 27, 28, 30, 31, 32, 40, 41, 42, 51, 52, 53, 54, 55, 58, 59, 62, 63, 66, 67, 68, 69, 70, 71, 72, 74, 75, 76, 83, 84, 85, 87, 88, 89, 93, 98, 99, 100, 103, 104, 105, 108, 109, 112, 113, 114, 116, 122], "summary": {"covered_lines": 59, "num_statements": 59, "percent_covered": 100.0, "percent_covered_display": "100", "missing_lines": 0, "excluded_lines": 0}, "missing_lines": [], "excluded_lines": []}}}, "app/core/database.py": {"executed_lines": [1, 7, 8, 9, 10, 12, 15, 18, 19, 21, 25, 30, 31, 38, 41, 49, 50, 52, 55, 62, 78, 92], "summary": {"covered_lines": 20, "num_statements": 36, "percent_covered": 55.55555555555556, "percent_covered_display": "56", "missing_lines": 16, "excluded_lines": 0}, "missing_lines": [68, 69, 70, 71, 72, 73, 75, 80, 82, 84, 86, 87, 88, 89, 94, 95], "excluded_lines": [], "functions": {"get_db": {"executed_lines": [], "summary": {"covered_lines": 0, "num_statements": 7, "percent_covered": 0.0, "percent_covered_display": "0", "missing_lines": 7, "excluded_lines": 0}, "missing_lines": [68, 69, 70, 71, 72, 73, 75], "excluded_lines": []}, "init_db": {"executed_lines": [], "summary": {"covered_lines": 0, "num_statements": 7, "percent_covered": 0.0, "percent_covered_display": "0", "missing_lines": 7, "excluded_lines": 0}, "missing_lines": [80, 82, 84, 86, 87, 88, 89], "excluded_lines": []}, "close_db": {"executed_lines": [], "summary": {"covered_lines": 0, "num_statements": 2, "percent_covered": 0.0, "percent_covered_display": "0", "missing_lines": 2, "excluded_lines": 0}, "missing_lines": [94, 95], "excluded_lines": []}, "": {"executed_lines": [1, 7, 8, 9, 10, 12, 15, 18, 19, 21, 25, 30, 31, 38, 41, 49, 50, 52, 55, 62, 78, 92], "summary": {"covered_lines": 20, "num_statements": 20, "percent_covered": 100.0, "percent_covered_display": "100", "missing_lines": 0, "excluded_lines": 0}, "missing_lines": [], "excluded_lines": []}}, "classes": {"Base": {"executed_lines": [], "summary": {"covered_lines": 0, "num_statements": 0, "percent_covered": 100.0, "percent_covered_display": "100", "missing_lines": 0, "excluded_lines": 0}, "missing_lines": [], "excluded_lines": []}, "": {"executed_lines": [1, 7, 8, 9, 10, 12, 15, 18, 19, 21, 25, 30, 31, 38, 41, 49, 50, 52, 55, 62, 78, 92], "summary": {"covered_lines": 20, "num_statements": 36, "percent_covered": 55.55555555555556, "percent_covered_display": "56", "missing_lines": 16, "excluded_lines": 0}, "missing_lines": [68, 69, 70, 71, 72, 73, 75, 80, 82, 84, 86, 87, 88, 89, 94, 95], "excluded_lines": []}}}, "app/core/exceptions.py": {"executed_lines": [1, 8, 9, 11, 18, 19, 21, 24, 25, 27, 34, 35, 37, 40, 41, 43, 46, 47, 49, 56, 57, 59, 62, 63, 65, 68, 69, 71, 74, 75, 77, 85, 86, 88, 91, 92, 94, 103, 104, 106], "summary": {"covered_lines": 26, "num_statements": 48, "percent_covered": 54.166666666666664, "percent_covered_display": "54", "missing_lines": 22, "excluded_lines": 0}, "missing_lines": [13, 14, 15, 29, 30, 31, 51, 52, 53, 79, 80, 81, 82, 96, 97, 98, 99, 100, 108, 109, 110, 111], "excluded_lines": [], "functions": {"FROptimizationError.__init__": {"executed_lines": [], "summary": {"covered_lines": 0, "num_statements": 3, "percent_covered": 0.0, "percent_covered_display": "0", "missing_lines": 3, "excluded_lines": 0}, "missing_lines": [13, 14, 15], "excluded_lines": []}, "ConvergenceError.__init__": {"executed_lines": [], "summary": {"covered_lines": 0, "num_statements": 3, "percent_covered": 0.0, "percent_covered_display": "0", "missing_lines": 3, "excluded_lines": 0}, "missing_lines": [29, 30, 31], "excluded_lines": []}, "ImportError.__init__": {"executed_lines": [], "summary": {"covered_lines": 0, "num_statements": 3, "percent_covered": 0.0, "percent_covered_display": "0", "missing_lines": 3, "excluded_lines": 0}, "missing_lines": [51, 52, 53], "excluded_lines": []}, "ResourceNotFoundError.__init__": {"executed_lines": [], "summary": {"covered_lines": 0, "num_statements": 4, "percent_covered": 0.0, "percent_covered_display": "0", "missing_lines": 4, "excluded_lines": 0}, "missing_lines": [79, 80, 81, 82], "excluded_lines": []}, "ServiceUnavailableError.__init__": {"executed_lines": [], "summary": {"covered_lines": 0, "num_statements": 5, "percent_covered": 0.0, "percent_covered_display": "0", "missing_lines": 5, "excluded_lines": 0}, "missing_lines": [96, 97, 98, 99, 100], "excluded_lines": []}, "RateLimitError.__init__": {"executed_lines": [], "summary": {"covered_lines": 0, "num_statements": 4, "percent_covered": 0.0, "percent_covered_display": "0", "missing_lines": 4, "excluded_lines": 0}, "missing_lines": [108, 109, 110, 111], "excluded_lines": []}, "": {"executed_lines": [1, 8, 9, 11, 18, 19, 21, 24, 25, 27, 34, 35, 37, 40, 41, 43, 46, 47, 49, 56, 57, 59, 62, 63, 65, 68, 69, 71, 74, 75, 77, 85, 86, 88, 91, 92, 94, 103, 104, 106], "summary": {"covered_lines": 26, "num_statements": 26, "percent_covered": 100.0, "percent_covered_display": "100", "missing_lines": 0, "excluded_lines": 0}, "missing_lines": [], "excluded_lines": []}}, "classes": {"FROptimizationError": {"executed_lines": [], "summary": {"covered_lines": 0, "num_statements": 3, "percent_covered": 0.0, "percent_covered_display": "0", "missing_lines": 3, "excluded_lines": 0}, "missing_lines": [13, 14, 15], "excluded_lines": []}, "ValidationError": {"executed_lines": [], "summary": {"covered_lines": 0, "num_statements": 0, "percent_covered": 100.0, "percent_covered_display": "100", "missing_lines": 0, "excluded_lines": 0}, "missing_lines": [], "excluded_lines": []}, "ConvergenceError": {"executed_lines": [], "summary": {"covered_lines": 0, "num_statements": 3, "percent_covered": 0.0, "percent_covered_display": "0", "missing_lines": 3, "excluded_lines": 0}, "missing_lines": [29, 30, 31], "excluded_lines": []}, "ConfigurationError": {"executed_lines": [], "summary": {"covered_lines": 0, "num_statements": 0, "percent_covered": 100.0, "percent_covered_display": "100", "missing_lines": 0, "excluded_lines": 0}, "missing_lines": [], "excluded_lines": []}, "PhysicsError": {"executed_lines": [], "summary": {"covered_lines": 0, "num_statements": 0, "percent_covered": 100.0, "percent_covered_display": "100", "missing_lines": 0, "excluded_lines": 0}, "missing_lines": [], "excluded_lines": []}, "ImportError": {"executed_lines": [], "summary": {"covered_lines": 0, "num_statements": 3, "percent_covered": 0.0, "percent_covered_display": "0", "missing_lines": 3, "excluded_lines": 0}, "missing_lines": [51, 52, 53], "excluded_lines": []}, "ExportError": {"executed_lines": [], "summary": {"covered_lines": 0, "num_statements": 0, "percent_covered": 100.0, "percent_covered_display": "100", "missing_lines": 0, "excluded_lines": 0}, "missing_lines": [], "excluded_lines": []}, "AuthenticationError": {"executed_lines": [], "summary": {"covered_lines": 0, "num_statements": 0, "percent_covered": 100.0, "percent_covered_display": "100", "missing_lines": 0, "excluded_lines": 0}, "missing_lines": [], "excluded_lines": []}, "AuthorizationError": {"executed_lines": [], "summary": {"covered_lines": 0, "num_statements": 0, "percent_covered": 100.0, "percent_covered_display": "100", "missing_lines": 0, "excluded_lines": 0}, "missing_lines": [], "excluded_lines": []}, "ResourceNotFoundError": {"executed_lines": [], "summary": {"covered_lines": 0, "num_statements": 4, "percent_covered": 0.0, "percent_covered_display": "0", "missing_lines": 4, "excluded_lines": 0}, "missing_lines": [79, 80, 81, 82], "excluded_lines": []}, "ResourceConflictError": {"executed_lines": [], "summary": {"covered_lines": 0, "num_statements": 0, "percent_covered": 100.0, "percent_covered_display": "100", "missing_lines": 0, "excluded_lines": 0}, "missing_lines": [], "excluded_lines": []}, "ServiceUnavailableError": {"executed_lines": [], "summary": {"covered_lines": 0, "num_statements": 5, "percent_covered": 0.0, "percent_covered_display": "0", "missing_lines": 5, "excluded_lines": 0}, "missing_lines": [96, 97, 98, 99, 100], "excluded_lines": []}, "RateLimitError": {"executed_lines": [], "summary": {"covered_lines": 0, "num_statements": 4, "percent_covered": 0.0, "percent_covered_display": "0", "missing_lines": 4, "excluded_lines": 0}, "missing_lines": [108, 109, 110, 111], "excluded_lines": []}, "": {"executed_lines": [1, 8, 9, 11, 18, 19, 21, 24, 25, 27, 34, 35, 37, 40, 41, 43, 46, 47, 49, 56, 57, 59, 62, 63, 65, 68, 69, 71, 74, 75, 77, 85, 86, 88, 91, 92, 94, 103, 104, 106], "summary": {"covered_lines": 26, "num_statements": 26, "percent_covered": 100.0, "percent_covered_display": "100", "missing_lines": 0, "excluded_lines": 0}, "missing_lines": [], "excluded_lines": []}}}, "app/core/logging.py": {"executed_lines": [1, 7, 8, 9, 11, 12, 14, 17, 20, 27, 28, 52, 61, 66, 67, 69, 70, 74], "summary": {"covered_lines": 16, "num_statements": 21, "percent_covered": 76.19047619047619, "percent_covered_display": "76", "missing_lines": 5, "excluded_lines": 0}, "missing_lines": [40, 63, 72, 81, 82], "excluded_lines": [], "functions": {"setup_logging": {"executed_lines": [20, 27, 28, 52], "summary": {"covered_lines": 4, "num_statements": 5, "percent_covered": 80.0, "percent_covered_display": "80", "missing_lines": 1, "excluded_lines": 0}, "missing_lines": [40], "excluded_lines": []}, "get_logger_for_module": {"executed_lines": [], "summary": {"covered_lines": 0, "num_statements": 1, "percent_covered": 0.0, "percent_covered_display": "0", "missing_lines": 1, "excluded_lines": 0}, "missing_lines": [63], "excluded_lines": []}, "LoggingMixin.logger": {"executed_lines": [], "summary": {"covered_lines": 0, "num_statements": 1, "percent_covered": 0.0, "percent_covered_display": "0", "missing_lines": 1, "excluded_lines": 0}, "missing_lines": [72], "excluded_lines": []}, "LoggingMixin.log_action": {"executed_lines": [], "summary": {"covered_lines": 0, "num_statements": 2, "percent_covered": 0.0, "percent_covered_display": "0", "missing_lines": 2, "excluded_lines": 0}, "missing_lines": [81, 82], "excluded_lines": []}, "": {"executed_lines": [1, 7, 8, 9, 11, 12, 14, 17, 61, 66, 67, 69, 70, 74], "summary": {"covered_lines": 12, "num_statements": 12, "percent_covered": 100.0, "percent_covered_display": "100", "missing_lines": 0, "excluded_lines": 0}, "missing_lines": [], "excluded_lines": []}}, "classes": {"LoggingMixin": {"executed_lines": [], "summary": {"covered_lines": 0, "num_statements": 3, "percent_covered": 0.0, "percent_covered_display": "0", "missing_lines": 3, "excluded_lines": 0}, "missing_lines": [72, 81, 82], "excluded_lines": []}, "": {"executed_lines": [1, 7, 8, 9, 11, 12, 14, 17, 20, 27, 28, 52, 61, 66, 67, 69, 70, 74], "summary": {"covered_lines": 16, "num_statements": 18, "percent_covered": 88.88888888888889, "percent_covered_display": "89", "missing_lines": 2, "excluded_lines": 0}, "missing_lines": [40, 63], "excluded_lines": []}}}, "app/core/metrics.py": {"executed_lines": [1, 7, 8, 9, 11, 15, 21, 28, 33, 41, 47, 54, 59, 65, 73, 78, 85, 90, 96, 102, 112, 113, 115, 116, 142, 143, 161, 162, 172, 173, 182, 183, 193, 194, 198, 199, 203, 204, 210], "summary": {"covered_lines": 37, "num_statements": 52, "percent_covered": 71.15384615384616, "percent_covered_display": "71", "missing_lines": 15, "excluded_lines": 0}, "missing_lines": [104, 105, 125, 131, 132, 137, 138, 150, 156, 167, 178, 188, 196, 201, 206], "excluded_lines": [], "functions": {"setup_metrics": {"executed_lines": [], "summary": {"covered_lines": 0, "num_statements": 2, "percent_covered": 0.0, "percent_covered_display": "0", "missing_lines": 2, "excluded_lines": 0}, "missing_lines": [104, 105], "excluded_lines": []}, "MetricsCollector.track_optimization_job": {"executed_lines": [], "summary": {"covered_lines": 0, "num_statements": 5, "percent_covered": 0.0, "percent_covered_display": "0", "missing_lines": 5, "excluded_lines": 0}, "missing_lines": [125, 131, 132, 137, 138], "excluded_lines": []}, "MetricsCollector.track_api_request": {"executed_lines": [], "summary": {"covered_lines": 0, "num_statements": 2, "percent_covered": 0.0, "percent_covered_display": "0", "missing_lines": 2, "excluded_lines": 0}, "missing_lines": [150, 156], "excluded_lines": []}, "MetricsCollector.track_import_operation": {"executed_lines": [], "summary": {"covered_lines": 0, "num_statements": 1, "percent_covered": 0.0, "percent_covered_display": "0", "missing_lines": 1, "excluded_lines": 0}, "missing_lines": [167], "excluded_lines": []}, "MetricsCollector.track_export_generation": {"executed_lines": [], "summary": {"covered_lines": 0, "num_statements": 1, "percent_covered": 0.0, "percent_covered_display": "0", "missing_lines": 1, "excluded_lines": 0}, "missing_lines": [178], "excluded_lines": []}, "MetricsCollector.track_user_action": {"executed_lines": [], "summary": {"covered_lines": 0, "num_statements": 1, "percent_covered": 0.0, "percent_covered_display": "0", "missing_lines": 1, "excluded_lines": 0}, "missing_lines": [188], "excluded_lines": []}, "MetricsCollector.set_active_users": {"executed_lines": [], "summary": {"covered_lines": 0, "num_statements": 1, "percent_covered": 0.0, "percent_covered_display": "0", "missing_lines": 1, "excluded_lines": 0}, "missing_lines": [196], "excluded_lines": []}, "MetricsCollector.set_active_optimizations": {"executed_lines": [], "summary": {"covered_lines": 0, "num_statements": 1, "percent_covered": 0.0, "percent_covered_display": "0", "missing_lines": 1, "excluded_lines": 0}, "missing_lines": [201], "excluded_lines": []}, "MetricsCollector.set_database_connections": {"executed_lines": [], "summary": {"covered_lines": 0, "num_statements": 1, "percent_covered": 0.0, "percent_covered_display": "0", "missing_lines": 1, "excluded_lines": 0}, "missing_lines": [206], "excluded_lines": []}, "": {"executed_lines": [1, 7, 8, 9, 11, 15, 21, 28, 33, 41, 47, 54, 59, 65, 73, 78, 85, 90, 96, 102, 112, 113, 115, 116, 142, 143, 161, 162, 172, 173, 182, 183, 193, 194, 198, 199, 203, 204, 210], "summary": {"covered_lines": 37, "num_statements": 37, "percent_covered": 100.0, "percent_covered_display": "100", "missing_lines": 0, "excluded_lines": 0}, "missing_lines": [], "excluded_lines": []}}, "classes": {"MetricsCollector": {"executed_lines": [], "summary": {"covered_lines": 0, "num_statements": 13, "percent_covered": 0.0, "percent_covered_display": "0", "missing_lines": 13, "excluded_lines": 0}, "missing_lines": [125, 131, 132, 137, 138, 150, 156, 167, 178, 188, 196, 201, 206], "excluded_lines": []}, "": {"executed_lines": [1, 7, 8, 9, 11, 15, 21, 28, 33, 41, 47, 54, 59, 65, 73, 78, 85, 90, 96, 102, 112, 113, 115, 116, 142, 143, 161, 162, 172, 173, 182, 183, 193, 194, 198, 199, 203, 204, 210], "summary": {"covered_lines": 37, "num_statements": 39, "percent_covered": 94.87179487179488, "percent_covered_display": "95", "missing_lines": 2, "excluded_lines": 0}, "missing_lines": [104, 105], "excluded_lines": []}}}, "app/core/security.py": {"executed_lines": [1, 7, 8, 9, 10, 12, 13, 15, 21, 29, 70, 91, 105, 108, 113, 116, 131, 144, 145, 148, 198, 209], "summary": {"covered_lines": 21, "num_statements": 63, "percent_covered": 33.333333333333336, "percent_covered_display": "33", "missing_lines": 42, "excluded_lines": 0}, "missing_lines": [45, 46, 48, 52, 59, 60, 62, 67, 80, 81, 86, 87, 88, 110, 111, 127, 128, 158, 160, 161, 163, 164, 166, 167, 169, 170, 172, 173, 176, 177, 178, 181, 190, 191, 192, 193, 195, 205, 206, 221, 222, 224], "excluded_lines": [], "functions": {"create_access_token": {"executed_lines": [], "summary": {"covered_lines": 0, "num_statements": 8, "percent_covered": 0.0, "percent_covered_display": "0", "missing_lines": 8, "excluded_lines": 0}, "missing_lines": [45, 46, 48, 52, 59, 60, 62, 67], "excluded_lines": []}, "verify_token": {"executed_lines": [], "summary": {"covered_lines": 0, "num_statements": 5, "percent_covered": 0.0, "percent_covered_display": "0", "missing_lines": 5, "excluded_lines": 0}, "missing_lines": [80, 81, 86, 87, 88], "excluded_lines": []}, "_normalize_password": {"executed_lines": [105, 108, 113], "summary": {"covered_lines": 3, "num_statements": 5, "percent_covered": 60.0, "percent_covered_display": "60", "missing_lines": 2, "excluded_lines": 0}, "missing_lines": [110, 111], "excluded_lines": []}, "verify_password": {"executed_lines": [], "summary": {"covered_lines": 0, "num_statements": 2, "percent_covered": 0.0, "percent_covered_display": "0", "missing_lines": 2, "excluded_lines": 0}, "missing_lines": [127, 128], "excluded_lines": []}, "get_password_hash": {"executed_lines": [144, 145], "summary": {"covered_lines": 2, "num_statements": 2, "percent_covered": 100.0, "percent_covered_display": "100", "missing_lines": 0, "excluded_lines": 0}, "missing_lines": [], "excluded_lines": []}, "validate_password_strength": {"executed_lines": [], "summary": {"covered_lines": 0, "num_statements": 20, "percent_covered": 0.0, "percent_covered_display": "0", "missing_lines": 20, "excluded_lines": 0}, "missing_lines": [158, 160, 161, 163, 164, 166, 167, 169, 170, 172, 173, 176, 177, 178, 181, 190, 191, 192, 193, 195], "excluded_lines": []}, "generate_reset_token": {"executed_lines": [], "summary": {"covered_lines": 0, "num_statements": 2, "percent_covered": 0.0, "percent_covered_display": "0", "missing_lines": 2, "excluded_lines": 0}, "missing_lines": [205, 206], "excluded_lines": []}, "verify_reset_token": {"executed_lines": [], "summary": {"covered_lines": 0, "num_statements": 3, "percent_covered": 0.0, "percent_covered_display": "0", "missing_lines": 3, "excluded_lines": 0}, "missing_lines": [221, 222, 224], "excluded_lines": []}, "": {"executed_lines": [1, 7, 8, 9, 10, 12, 13, 15, 21, 29, 70, 91, 116, 131, 148, 198, 209], "summary": {"covered_lines": 16, "num_statements": 16, "percent_covered": 100.0, "percent_covered_display": "100", "missing_lines": 0, "excluded_lines": 0}, "missing_lines": [], "excluded_lines": []}}, "classes": {"": {"executed_lines": [1, 7, 8, 9, 10, 12, 13, 15, 21, 29, 70, 91, 105, 108, 113, 116, 131, 144, 145, 148, 198, 209], "summary": {"covered_lines": 21, "num_statements": 63, "percent_covered": 33.333333333333336, "percent_covered_display": "33", "missing_lines": 42, "excluded_lines": 0}, "missing_lines": [45, 46, 48, 52, 59, 60, 62, 67, 80, 81, 86, 87, 88, 110, 111, 127, 128, 158, 160, 161, 163, 164, 166, 167, 169, 170, 172, 173, 176, 177, 178, 181, 190, 191, 192, 193, 195, 205, 206, 221, 222, 224], "excluded_lines": []}}}, "app/main.py": {"executed_lines": [1, 7, 8, 10, 11, 12, 13, 14, 15, 16, 17, 18, 20, 21, 22, 23, 24, 25, 28, 31, 32, 48, 59, 62, 68, 69, 70, 71, 80, 81, 145, 146, 162, 163, 176, 177, 182, 183, 189, 192], "summary": {"covered_lines": 39, "num_statements": 83, "percent_covered": 46.98795180722892, "percent_covered_display": "47", "missing_lines": 44, "excluded_lines": 0}, "missing_lines": [34, 37, 40, 42, 43, 45, 89, 91, 92, 93, 94, 97, 98, 99, 100, 101, 102, 103, 104, 105, 106, 107, 108, 109, 110, 111, 112, 113, 114, 115, 116, 117, 120, 122, 128, 135, 150, 156, 165, 170, 179, 185, 193, 195], "excluded_lines": [], "functions": {"lifespan": {"executed_lines": [], "summary": {"covered_lines": 0, "num_statements": 6, "percent_covered": 0.0, "percent_covered_display": "0", "missing_lines": 6, "excluded_lines": 0}, "missing_lines": [34, 37, 40, 42, 43, 45], "excluded_lines": []}, "validation_exception_handler": {"executed_lines": [], "summary": {"covered_lines": 0, "num_statements": 30, "percent_covered": 0.0, "percent_covered_display": "0", "missing_lines": 30, "excluded_lines": 0}, "missing_lines": [89, 91, 92, 93, 94, 97, 98, 99, 100, 101, 102, 103, 104, 105, 106, 107, 108, 109, 110, 111, 112, 113, 114, 115, 116, 117, 120, 122, 128, 135], "excluded_lines": []}, "optimization_exception_handler": {"executed_lines": [], "summary": {"covered_lines": 0, "num_statements": 2, "percent_covered": 0.0, "percent_covered_display": "0", "missing_lines": 2, "excluded_lines": 0}, "missing_lines": [150, 156], "excluded_lines": []}, "global_exception_handler": {"executed_lines": [], "summary": {"covered_lines": 0, "num_statements": 2, "percent_covered": 0.0, "percent_covered_display": "0", "missing_lines": 2, "excluded_lines": 0}, "missing_lines": [165, 170], "excluded_lines": []}, "health_check": {"executed_lines": [], "summary": {"covered_lines": 0, "num_statements": 1, "percent_covered": 0.0, "percent_covered_display": "0", "missing_lines": 1, "excluded_lines": 0}, "missing_lines": [179], "excluded_lines": []}, "metrics": {"executed_lines": [], "summary": {"covered_lines": 0, "num_statements": 1, "percent_covered": 0.0, "percent_covered_display": "0", "missing_lines": 1, "excluded_lines": 0}, "missing_lines": [185], "excluded_lines": []}, "": {"executed_lines": [1, 7, 8, 10, 11, 12, 13, 14, 15, 16, 17, 18, 20, 21, 22, 23, 24, 25, 28, 31, 32, 48, 59, 62, 68, 69, 70, 71, 80, 81, 145, 146, 162, 163, 176, 177, 182, 183, 189, 192], "summary": {"covered_lines": 39, "num_statements": 41, "percent_covered": 95.1219512195122, "percent_covered_display": "95", "missing_lines": 2, "excluded_lines": 0}, "missing_lines": [193, 195], "excluded_lines": []}}, "classes": {"": {"executed_lines": [1, 7, 8, 10, 11, 12, 13, 14, 15, 16, 17, 18, 20, 21, 22, 23, 24, 25, 28, 31, 32, 48, 59, 62, 68, 69, 70, 71, 80, 81, 145, 146, 162, 163, 176, 177, 182, 183, 189, 192], "summary": {"covered_lines": 39, "num_statements": 83, "percent_covered": 46.98795180722892, "percent_covered_display": "47", "missing_lines": 44, "excluded_lines": 0}, "missing_lines": [34, 37, 40, 42, 43, 45, 89, 91, 92, 93, 94, 97, 98, 99, 100, 101, 102, 103, 104, 105, 106, 107, 108, 109, 110, 111, 112, 113, 114, 115, 116, 117, 120, 122, 128, 135, 150, 156, 165, 170, 179, 185, 193, 195], "excluded_lines": []}}}, "app/models/__init__.py": {"executed_lines": [1, 7, 8, 14, 24, 35, 48], "summary": {"covered_lines": 6, "num_statements": 6, "percent_covered": 100.0, "percent_covered_display": "100", "missing_lines": 0, "excluded_lines": 0}, "missing_lines": [], "excluded_lines": [], "functions": {"": {"executed_lines": [1, 7, 8, 14, 24, 35, 48], "summary": {"covered_lines": 6, "num_statements": 6, "percent_covered": 100.0, "percent_covered_display": "100", "missing_lines": 0, "excluded_lines": 0}, "missing_lines": [], "excluded_lines": []}}, "classes": {"": {"executed_lines": [1, 7, 8, 14, 24, 35, 48], "summary": {"covered_lines": 6, "num_statements": 6, "percent_covered": 100.0, "percent_covered_display": "100", "missing_lines": 0, "excluded_lines": 0}, "missing_lines": [], "excluded_lines": []}}}, "app/models/import_job.py": {"executed_lines": [1, 7, 8, 9, 10, 12, 13, 14, 16, 19, 20, 21, 22, 23, 24, 25, 26, 29, 30, 31, 32, 33, 34, 35, 38, 39, 41, 43, 44, 45, 46, 47, 48, 49, 52, 53, 54, 55, 58, 59, 60, 63, 64, 67, 68, 69, 72, 73, 76, 77, 80, 81, 83, 85, 86, 89, 90, 91, 94, 95, 96, 97, 100, 101, 102, 105, 106, 107, 110, 111, 112, 115, 116, 117, 120, 121, 122, 125, 128, 129, 132, 135, 136, 138, 140, 141, 142, 143, 144, 147, 148, 149, 152, 155, 156, 159, 160, 162, 164, 165, 166, 167, 168, 171, 172, 177, 180, 181], "summary": {"covered_lines": 101, "num_statements": 101, "percent_covered": 100.0, "percent_covered_display": "100", "missing_lines": 0, "excluded_lines": 0}, "missing_lines": [], "excluded_lines": [], "functions": {"": {"executed_lines": [1, 7, 8, 9, 10, 12, 13, 14, 16, 19, 20, 21, 22, 23, 24, 25, 26, 29, 30, 31, 32, 33, 34, 35, 38, 39, 41, 43, 44, 45, 46, 47, 48, 49, 52, 53, 54, 55, 58, 59, 60, 63, 64, 67, 68, 69, 72, 73, 76, 77, 80, 81, 83, 85, 86, 89, 90, 91, 94, 95, 96, 97, 100, 101, 102, 105, 106, 107, 110, 111, 112, 115, 116, 117, 120, 121, 122, 125, 128, 129, 132, 135, 136, 138, 140, 141, 142, 143, 144, 147, 148, 149, 152, 155, 156, 159, 160, 162, 164, 165, 166, 167, 168, 171, 172, 177, 180, 181], "summary": {"covered_lines": 101, "num_statements": 101, "percent_covered": 100.0, "percent_covered_display": "100", "missing_lines": 0, "excluded_lines": 0}, "missing_lines": [], "excluded_lines": []}}, "classes": {"ImportStatus": {"executed_lines": [], "summary": {"covered_lines": 0, "num_statements": 0, "percent_covered": 100.0, "percent_covered_display": "100", "missing_lines": 0, "excluded_lines": 0}, "missing_lines": [], "excluded_lines": []}, "ImportType": {"executed_lines": [], "summary": {"covered_lines": 0, "num_statements": 0, "percent_covered": 100.0, "percent_covered_display": "100", "missing_lines": 0, "excluded_lines": 0}, "missing_lines": [], "excluded_lines": []}, "ImportJob": {"executed_lines": [], "summary": {"covered_lines": 0, "num_statements": 0, "percent_covered": 100.0, "percent_covered_displ
[...]
 "excluded_lines": 0}, "missing_lines": [], "excluded_lines": []}}, "classes": {"ValidationSeverity": {"executed_lines": [], "summary": {"covered_lines": 0, "num_statements": 0, "percent_covered": 100.0, "percent_covered_display": "100", "missing_lines": 0, "excluded_lines": 0}, "missing_lines": [], "excluded_lines": []}, "RegeneratorPhysicsValidator": {"executed_lines": [30, 31, 48, 51, 52, 53, 54, 55, 58, 59, 61, 67, 68, 69, 77, 80, 89, 90, 96, 97, 103, 104, 112, 113, 115, 127, 128, 129, 140, 141, 142, 157, 158, 159, 174, 197, 213, 214, 215, 237, 262, 263, 264, 280, 297, 298, 299, 327, 346, 372, 392, 393, 395, 397, 404, 406, 407, 408, 415, 416, 419, 435, 442], "summary": {"covered_lines": 63, "num_statements": 147, "percent_covered": 42.857142857142854, "percent_covered_display": "43", "missing_lines": 84, "excluded_lines": 0}, "missing_lines": [70, 75, 81, 86, 91, 98, 105, 116, 117, 119, 120, 130, 143, 144, 149, 150, 160, 161, 166, 167, 177, 178, 180, 181, 186, 187, 198, 199, 200, 205, 206, 216, 217, 218, 223, 224, 229, 230, 238, 239, 240, 245, 246, 251, 252, 265, 266, 267, 272, 273, 281, 282, 286, 287, 300, 301, 302, 307, 308, 313, 314, 319, 320, 328, 329, 330, 335, 336, 349, 350, 353, 356, 358, 359, 364, 365, 375, 376, 377, 381, 382, 398, 420, 451], "excluded_lines": []}, "": {"executed_lines": [1, 7, 8, 9, 10, 12, 13, 16, 19, 20, 21, 22, 23, 26, 27, 29, 33, 63, 136, 193, 258, 293, 342, 388, 426, 444], "summary": {"covered_lines": 23, "num_statements": 23, "percent_covered": 100.0, "percent_covered_display": "100", "missing_lines": 0, "excluded_lines": 0}, "missing_lines": [], "excluded_lines": []}}}, "app/tasks/__init__.py": {"executed_lines": [], "summary": {"covered_lines": 0, "num_statements": 0, "percent_covered": 100.0, "percent_covered_display": "100", "missing_lines": 0, "excluded_lines": 0}, "missing_lines": [], "excluded_lines": [], "functions": {"": {"executed_lines": [], "summary": {"covered_lines": 0, "num_statements": 0, "percent_covered": 100.0, "percent_covered_display": "100", "missing_lines": 0, "excluded_lines": 0}, "missing_lines": [], "excluded_lines": []}}, "classes": {"": {"executed_lines": [], "summary": {"covered_lines": 0, "num_statements": 0, "percent_covered": 100.0, "percent_covered_display": "100", "missing_lines": 0, "excluded_lines": 0}, "missing_lines": [], "excluded_lines": []}}}, "app/tasks/import_export.py": {"executed_lines": [], "summary": {"covered_lines": 0, "num_statements": 7, "percent_covered": 0.0, "percent_covered_display": "0", "missing_lines": 7, "excluded_lines": 0}, "missing_lines": [7, 10, 11, 23, 31, 32, 45], "excluded_lines": [], "functions": {"import_xlsx_task": {"executed_lines": [], "summary": {"covered_lines": 0, "num_statements": 1, "percent_covered": 0.0, "percent_covered_display": "0", "missing_lines": 1, "excluded_lines": 0}, "missing_lines": [23], "excluded_lines": []}, "export_report_task": {"executed_lines": [], "summary": {"covered_lines": 0, "num_statements": 1, "percent_covered": 0.0, "percent_covered_display": "0", "missing_lines": 1, "excluded_lines": 0}, "missing_lines": [45], "excluded_lines": []}, "": {"executed_lines": [], "summary": {"covered_lines": 0, "num_statements": 5, "percent_covered": 0.0, "percent_covered_display": "0", "missing_lines": 5, "excluded_lines": 0}, "missing_lines": [7, 10, 11, 31, 32], "excluded_lines": []}}, "classes": {"": {"executed_lines": [], "summary": {"covered_lines": 0, "num_statements": 7, "percent_covered": 0.0, "percent_covered_display": "0", "missing_lines": 7, "excluded_lines": 0}, "missing_lines": [7, 10, 11, 23, 31, 32, 45], "excluded_lines": []}}}, "app/tasks/maintenance.py": {"executed_lines": [], "summary": {"covered_lines": 0, "num_statements": 84, "percent_covered": 0.0, "percent_covered_display": "0", "missing_lines": 84, "excluded_lines": 0}, "missing_lines": [7, 8, 9, 10, 11, 12, 13, 15, 16, 17, 19, 20, 21, 22, 23, 24, 26, 29, 32, 34, 37, 38, 39, 40, 42, 44, 46, 49, 50, 56, 57, 58, 61, 67, 68, 70, 76, 77, 80, 81, 87, 90, 91, 97, 99, 101, 107, 114, 115, 116, 123, 124, 130, 131, 132, 135, 136, 137, 139, 140, 141, 142, 143, 144, 145, 146, 147, 150, 151, 152, 154, 155, 156, 157, 158, 159, 160, 161, 162, 164, 170, 178, 179, 180], "excluded_lines": [], "functions": {"AsyncCeleryTask.__call__": {"executed_lines": [], "summary": {"covered_lines": 0, "num_statements": 6, "percent_covered": 0.0, "percent_covered_display": "0", "missing_lines": 6, "excluded_lines": 0}, "missing_lines": [34, 37, 38, 39, 40, 42], "excluded_lines": []}, "AsyncCeleryTask._async_call": {"executed_lines": [], "summary": {"covered_lines": 0, "num_statements": 1, "percent_covered": 0.0, "percent_covered_display": "0", "missing_lines": 1, "excluded_lines": 0}, "missing_lines": [46], "excluded_lines": []}, "cleanup_expired_tasks": {"executed_lines": [], "summary": {"covered_lines": 0, "num_statements": 21, "percent_covered": 0.0, "percent_covered_display": "0", "missing_lines": 21, "excluded_lines": 0}, "missing_lines": [56, 57, 58, 61, 67, 68, 70, 76, 77, 80, 81, 87, 90, 91, 97, 99, 101, 107, 114, 115, 116], "excluded_lines": []}, "cleanup_old_files": {"executed_lines": [], "summary": {"covered_lines": 0, "num_statements": 32, "percent_covered": 0.0, "percent_covered_display": "0", "missing_lines": 32, "excluded_lines": 0}, "missing_lines": [130, 131, 132, 135, 136, 137, 139, 140, 141, 142, 143, 144, 145, 146, 147, 150, 151, 152, 154, 155, 156, 157, 158, 159, 160, 161, 162, 164, 170, 178, 179, 180], "excluded_lines": []}, "": {"executed_lines": [], "summary": {"covered_lines": 0, "num_statements": 24, "percent_covered": 0.0, "percent_covered_display": "0", "missing_lines": 24, "excluded_lines": 0}, "missing_lines": [7, 8, 9, 10, 11, 12, 13, 15, 16, 17, 19, 20, 21, 22, 23, 24, 26, 29, 32, 44, 49, 50, 123, 124], "excluded_lines": []}}, "classes": {"AsyncCeleryTask": {"executed_lines": [], "summary": {"covered_lines": 0, "num_statements": 7, "percent_covered": 0.0, "percent_covered_display": "0", "missing_lines": 7, "excluded_lines": 0}, "missing_lines": [34, 37, 38, 39, 40, 42, 46], "excluded_lines": []}, "": {"executed_lines": [], "summary": {"covered_lines": 0, "num_statements": 77, "percent_covered": 0.0, "percent_covered_display": "0", "missing_lines": 77, "excluded_lines": 0}, "missing_lines": [7, 8, 9, 10, 11, 12, 13, 15, 16, 17, 19, 20, 21, 22, 23, 24, 26, 29, 32, 44, 49, 50, 56, 57, 58, 61, 67, 68, 70, 76, 77, 80, 81, 87, 90, 91, 97, 99, 101, 107, 114, 115, 116, 123, 124, 130, 131, 132, 135, 136, 137, 139, 140, 141, 142, 143, 144, 145, 146, 147, 150, 151, 152, 154, 155, 156, 157, 158, 159, 160, 161, 162, 164, 170, 178, 179, 180], "excluded_lines": []}}}, "app/tasks/optimization.py": {"executed_lines": [], "summary": {"covered_lines": 0, "num_statements": 10, "percent_covered": 0.0, "percent_covered_display": "0", "missing_lines": 10, "excluded_lines": 0}, "missing_lines": [7, 8, 11, 12, 23, 25, 33, 38, 40, 44], "excluded_lines": [], "functions": {"run_optimization_task": {"executed_lines": [], "summary": {"covered_lines": 0, "num_statements": 6, "percent_covered": 0.0, "percent_covered_display": "0", "missing_lines": 6, "excluded_lines": 0}, "missing_lines": [23, 25, 33, 38, 40, 44], "excluded_lines": []}, "": {"executed_lines": [], "summary": {"covered_lines": 0, "num_statements": 4, "percent_covered": 0.0, "percent_covered_display": "0", "missing_lines": 4, "excluded_lines": 0}, "missing_lines": [7, 8, 11, 12], "excluded_lines": []}}, "classes": {"": {"executed_lines": [], "summary": {"covered_lines": 0, "num_statements": 10, "percent_covered": 0.0, "percent_covered_display": "0", "missing_lines": 10, "excluded_lines": 0}, "missing_lines": [7, 8, 11, 12, 23, 25, 33, 38, 40, 44], "excluded_lines": []}}}, "app/tasks/optimization_tasks.py": {"executed_lines": [], "summary": {"covered_lines": 0, "num_statements": 162, "percent_covered": 0.0, "percent_covered_display": "0", "missing_lines": 162, "excluded_lines": 0}, "missing_lines": [7, 8, 9, 10, 11, 12, 14, 15, 16, 17, 19, 25, 26, 37, 39, 41, 43, 44, 46, 47, 49, 50, 51, 53, 54, 56, 57, 58, 59, 62, 68, 69, 72, 82, 91, 94, 96, 98, 110, 111, 112, 113, 115, 117, 118, 122, 123, 124, 125, 126, 128, 129, 130, 133, 136, 143, 144, 145, 146, 148, 149, 150, 152, 153, 154, 155, 156, 159, 160, 161, 162, 163, 164, 166, 168, 169, 172, 174, 175, 176, 177, 179, 180, 181, 183, 184, 185, 186, 187, 188, 189, 190, 192, 194, 195, 198, 199, 206, 208, 209, 211, 212, 213, 214, 215, 218, 221, 225, 226, 228, 229, 231, 233, 236, 237, 240, 241, 243, 245, 249, 254, 255, 256, 257, 259, 261, 262, 263, 266, 267, 278, 280, 281, 283, 284, 285, 286, 288, 289, 290, 292, 293, 298, 305, 306, 308, 309, 310, 311, 313, 315, 316, 317, 320, 321, 333, 335, 340, 341, 343, 344, 345], "excluded_lines": [], "functions": {"run_optimization_task": {"executed_lines": [], "summary": {"covered_lines": 0, "num_statements": 20, "percent_covered": 0.0, "percent_covered_display": "0", "missing_lines": 20, "excluded_lines": 0}, "missing_lines": [37, 39, 41, 43, 110, 111, 112, 113, 115, 117, 118, 122, 123, 124, 125, 126, 128, 129, 130, 133], "excluded_lines": []}, "run_optimization_task.run_async_optimization": {"executed_lines": [], "summary": {"covered_lines": 0, "num_statements": 18, "percent_covered": 0.0, "percent_covered_display": "0", "missing_lines": 18, "excluded_lines": 0}, "missing_lines": [44, 46, 47, 49, 50, 51, 53, 54, 56, 57, 58, 59, 62, 68, 91, 94, 96, 98], "excluded_lines": []}, "run_optimization_task.run_async_optimization.update_progress": {"executed_lines": [], "summary": {"covered_lines": 0, "num_statements": 3, "percent_covered": 0.0, "percent_covered_display": "0", "missing_lines": 3, "excluded_lines": 0}, "missing_lines": [69, 72, 82], "excluded_lines": []}, "update_job_progress": {"executed_lines": [], "summary": {"covered_lines": 0, "num_statements": 21, "percent_covered": 0.0, "percent_covered_display": "0", "missing_lines": 21, "excluded_lines": 0}, "missing_lines": [143, 144, 145, 146, 148, 149, 150, 152, 153, 154, 155, 156, 159, 160, 161, 162, 163, 164, 166, 168, 169], "excluded_lines": []}, "update_job_status_failed": {"executed_lines": [], "summary": {"covered_lines": 0, "num_statements": 18, "percent_covered": 0.0, "percent_covered_display": "0", "missing_lines": 18, "excluded_lines": 0}, "missing_lines": [174, 175, 176, 177, 179, 180, 181, 183, 184, 185, 186, 187, 188, 189, 190, 192, 194, 195], "excluded_lines": []}, "cleanup_old_optimization_jobs": {"executed_lines": [], "summary": {"covered_lines": 0, "num_statements": 12, "percent_covered": 0.0, "percent_covered_display": "0", "missing_lines": 12, "excluded_lines": 0}, "missing_lines": [206, 208, 209, 211, 254, 255, 256, 257, 259, 261, 262, 263], "excluded_lines": []}, "cleanup_old_optimization_jobs.cleanup_async": {"executed_lines": [], "summary": {"covered_lines": 0, "num_statements": 19, "percent_covered": 0.0, "percent_covered_display": "0", "missing_lines": 19, "excluded_lines": 0}, "missing_lines": [212, 213, 214, 215, 218, 221, 225, 226, 228, 229, 231, 233, 236, 237, 240, 241, 243, 245, 249], "excluded_lines": []}, "generate_optimization_report": {"executed_lines": [], "summary": {"covered_lines": 0, "num_statements": 12, "percent_covered": 0.0, "percent_covered_display": "0", "missing_lines": 12, "excluded_lines": 0}, "missing_lines": [278, 280, 281, 283, 308, 309, 310, 311, 313, 315, 316, 317], "excluded_lines": []}, "generate_optimization_report.generate_async": {"executed_lines": [], "summary": {"covered_lines": 0, "num_statements": 11, "percent_covered": 0.0, "percent_covered_display": "0", "missing_lines": 11, "excluded_lines": 0}, "missing_lines": [284, 285, 286, 288, 289, 290, 292, 293, 298, 305, 306], "excluded_lines": []}, "send_optimization_notification": {"executed_lines": [], "summary": {"covered_lines": 0, "num_statements": 7, "percent_covered": 0.0, "percent_covered_display": "0", "missing_lines": 7, "excluded_lines": 0}, "missing_lines": [333, 335, 340, 341, 343, 344, 345], "excluded_lines": []}, "": {"executed_lines": [], "summary": {"covered_lines": 0, "num_statements": 21, "percent_covered": 0.0, "percent_covered_display": "0", "missing_lines": 21, "excluded_lines": 0}, "missing_lines": [7, 8, 9, 10, 11, 12, 14, 15, 16, 17, 19, 25, 26, 136, 172, 198, 199, 266, 267, 320, 321], "excluded_lines": []}}, "classes": {"": {"executed_lines": [], "summary": {"covered_lines": 0, "num_statements": 162, "percent_covered": 0.0, "percent_covered_display": "0", "missing_lines": 162, "excluded_lines": 0}, "missing_lines": [7, 8, 9, 10, 11, 12, 14, 15, 16, 17, 19, 25, 26, 37, 39, 41, 43, 44, 46, 47, 49, 50, 51, 53, 54, 56, 57, 58, 59, 62, 68, 69, 72, 82, 91, 94, 96, 98, 110, 111, 112, 113, 115, 117, 118, 122, 123, 124, 125, 126, 128, 129, 130, 133, 136, 143, 144, 145, 146, 148, 149, 150, 152, 153, 154, 155, 156, 159, 160, 161, 162, 163, 164, 166, 168, 169, 172, 174, 175, 176, 177, 179, 180, 181, 183, 184, 185, 186, 187, 188, 189, 190, 192, 194, 195, 198, 199, 206, 208, 209, 211, 212, 213, 214, 215, 218, 221, 225, 226, 228, 229, 231, 233, 236, 237, 240, 241, 243, 245, 249, 254, 255, 256, 257, 259, 261, 262, 263, 266, 267, 278, 280, 281, 283, 284, 285, 286, 288, 289, 290, 292, 293, 298, 305, 306, 308, 309, 310, 311, 313, 315, 316, 317, 320, 321, 333, 335, 340, 341, 343, 344, 345], "excluded_lines": []}}}, "app/tasks/reporting_tasks.py": {"executed_lines": [], "summary": {"covered_lines": 0, "num_statements": 157, "percent_covered": 0.0, "percent_covered_display": "0", "missing_lines": 157, "excluded_lines": 0}, "missing_lines": [7, 8, 9, 11, 12, 14, 15, 16, 17, 18, 19, 22, 23, 26, 28, 29, 31, 37, 38, 39, 41, 42, 45, 46, 47, 50, 56, 59, 65, 68, 74, 77, 83, 84, 85, 86, 87, 88, 90, 93, 98, 104, 106, 107, 108, 109, 112, 117, 120, 123, 124, 127, 129, 130, 132, 133, 137, 138, 140, 141, 142, 144, 145, 146, 147, 148, 151, 152, 153, 155, 157, 158, 159, 161, 162, 164, 165, 166, 168, 171, 172, 175, 177, 178, 179, 182, 183, 187, 188, 190, 191, 192, 194, 204, 205, 206, 209, 212, 213, 214, 215, 217, 219, 221, 223, 224, 226, 227, 229, 230, 232, 233, 234, 236, 239, 240, 243, 245, 246, 247, 248, 249, 250, 252, 255, 256, 257, 259, 291, 294, 297, 298, 301, 302, 305, 306, 308, 330, 331, 333, 335, 340, 341, 342, 344, 347, 350, 351, 352, 353, 354, 356, 357, 358, 359, 360, 363], "excluded_lines": [], "functions": {"generate_report_task": {"executed_lines": [], "summary": {"covered_lines": 0, "num_statements": 2, "percent_covered": 0.0, "percent_covered_display": "0", "missing_lines": 2, "excluded_lines": 0}, "missing_lines": [26, 120], "excluded_lines": []}, "generate_report_task._generate_report": {"executed_lines": [], "summary": {"covered_lines": 0, "num_statements": 34, "percent_covered": 0.0, "percent_covered_display": "0", "missing_lines": 34, "excluded_lines": 0}, "missing_lines": [28, 29, 31, 37, 38, 39, 41, 42, 45, 46, 47, 50, 56, 59, 65, 68, 74, 77, 83, 84, 85, 86, 87, 88, 90, 93, 98, 104, 106, 107, 108, 109, 112, 117], "excluded_lines": []}, "cleanup_expired_reports": {"executed_lines": [], "summary": {"covered_lines": 0, "num_statements": 2, "percent_covered": 0.0, "percent_covered_display": "0", "missing_lines": 2, "excluded_lines": 0}, "missing_lines": [127, 168], "excluded_lines": []}, "cleanup_expired_reports._cleanup_reports": {"executed_lines": [], "summary": {"covered_lines": 0, "num_statements": 26, "percent_covered": 0.0, "percent_covered_display": "0", "missing_lines": 26, "excluded_lines": 0}, "missing_lines": [129, 130, 132, 133, 137, 138, 140, 141, 142, 144, 145, 146, 147, 148, 151, 152, 153, 155, 157, 158, 159, 161, 162, 164, 165, 166], "excluded_lines": []}, "generate_scheduled_reports": {"executed_lines": [], "summary": {"covered_lines": 0, "num_statements": 2, "percent_covered": 0.0, "percent_covered_display": "0", "missing_lines": 2, "excluded_lines": 0}, "missing_lines": [175, 236], "excluded_lines": []}, "generate_scheduled_reports._generate_scheduled": {"executed_lines": [], "summary": {"covered_lines": 0, "num_statements": 31, "percent_covered": 0.0, "percent_covered_display": "0", "missing_lines": 31, "excluded_lines": 0}, "missing_lines": [177, 178, 179, 182, 183, 187, 188, 190, 191, 192, 194, 204, 205, 206, 209, 212, 213, 214, 215, 217, 219, 221, 223, 224, 226, 227, 229, 230, 232, 233, 234], "excluded_lines": []}, "collect_system_metrics": {"executed_lines": [], "summary": {"covered_lines": 0, "num_statements": 2, "percent_covered": 0.0, "percent_covered_display": "0", "missing_lines": 2, "excluded_lines": 0}, "missing_lines": [243, 344], "excluded_lines": []}, "collect_system_metrics._collect_metrics": {"executed_lines": [], "summary": {"covered_lines": 0, "num_statements": 27, "percent_covered": 0.0, "percent_covered_display": "0", "missing_lines": 27, "excluded_lines": 0}, "missing_lines": [245, 246, 247, 248, 249, 250, 252, 255, 256, 257, 259, 291, 294, 297, 298, 301, 302, 305, 306, 308, 330, 331, 333, 335, 340, 341, 342], "excluded_lines": []}, "_calculate_next_run": {"executed_lines": [], "summary": {"covered_lines": 0, "num_statements": 11, "percent_covered": 0.0, "percent_covered_display": "0", "missing_lines": 11, "excluded_lines": 0}, "missing_lines": [350, 351, 352, 353, 354, 356, 357, 358, 359, 360, 363], "excluded_lines": []}, "": {"executed_lines": [], "summary": {"covered_lines": 0, "num_statements": 20, "percent_covered": 0.0, "percent_covered_display": "0", "missing_lines": 20, "excluded_lines": 0}, "missing_lines": [7, 8, 9, 11, 12, 14, 15, 16, 17, 18, 19, 22, 23, 123, 124, 171, 172, 239, 240, 347], "excluded_lines": []}}, "classes": {"": {"executed_lines": [], "summary": {"covered_lines": 0, "num_statements": 157, "percent_covered": 0.0, "percent_covered_display": "0", "missing_lines": 157, "excluded_lines": 0}, "missing_lines": [7, 8, 9, 11, 12, 14, 15, 16, 17, 18, 19, 22, 23, 26, 28, 29, 31, 37, 38, 39, 41, 42, 45, 46, 47, 50, 56, 59, 65, 68, 74, 77, 83, 84, 85, 86, 87, 88, 90, 93, 98, 104, 106, 107, 108, 109, 112, 117, 120, 123, 124, 127, 129, 130, 132, 133, 137, 138, 140, 141, 142, 144, 145, 146, 147, 148, 151, 152, 153, 155, 157, 158, 159, 161, 162, 164, 165, 166, 168, 171, 172, 175, 177, 178, 179, 182, 183, 187, 188, 190, 191, 192, 194, 204, 205, 206, 209, 212, 213, 214, 215, 217, 219, 221, 223, 224, 226, 227, 229, 230, 232, 233, 234, 236, 239, 240, 243, 245, 246, 247, 248, 249, 250, 252, 255, 256, 257, 259, 291, 294, 297, 298, 301, 302, 305, 306, 308, 330, 331, 333, 335, 340, 341, 342, 344, 347, 350, 351, 352, 353, 354, 356, 357, 358, 359, 360, 363], "excluded_lines": []}}}, "app/tasks/reports.py": {"executed_lines": [], "summary": {"covered_lines": 0, "num_statements": 7, "percent_covered": 0.0, "percent_covered_display": "0", "missing_lines": 7, "excluded_lines": 0}, "missing_lines": [7, 10, 11, 23, 31, 32, 44], "excluded_lines": [], "functions": {"generate_pdf_report_task": {"executed_lines": [], "summary": {"covered_lines": 0, "num_statements": 1, "percent_covered": 0.0, "percent_covered_display": "0", "missing_lines": 1, "excluded_lines": 0}, "missing_lines": [23], "excluded_lines": []}, "generate_xlsx_report_task": {"executed_lines": [], "summary": {"covered_lines": 0, "num_statements": 1, "percent_covered": 0.0, "percent_covered_display": "0", "missing_lines": 1, "excluded_lines": 0}, "missing_lines": [44], "excluded_lines": []}, "": {"executed_lines": [], "summary": {"covered_lines": 0, "num_statements": 5, "percent_covered": 0.0, "percent_covered_display": "0", "missing_lines": 5, "excluded_lines": 0}, "missing_lines": [7, 10, 11, 31, 32], "excluded_lines": []}}, "classes": {"": {"executed_lines": [], "summary": {"covered_lines": 0, "num_statements": 7, "percent_covered": 0.0, "percent_covered_display": "0", "missing_lines": 7, "excluded_lines": 0}, "missing_lines": [7, 10, 11, 23, 31, 32, 44], "excluded_lines": []}}}}, "totals": {"covered_lines": 2584, "num_statements": 5544, "percent_covered": 46.60894660894661, "percent_covered_display": "47", "missing_lines": 2960, "excluded_lines": 0}}